<?xml version="1.0" encoding="UTF-8"?>
<testsuite xmlns:xsi="http://www.w3.org/2001/XMLSchema-instance" xsi:noNamespaceSchemaLocation="https://maven.apache.org/surefire/maven-surefire-plugin/xsd/surefire-test-report-3.0.xsd" version="3.0" name="examples.runners.AllFeaturesRunner" time="171.462" tests="31" errors="0" skipped="0" failures="0">
  <properties>
[...]
</properties>
  <testcase name="[1:7] Delete an existing pet and ensuring that the operation can&apos;t be done more than once (with the same petId)" classname="examples/petstore/pet/delete/deletePet" time="3.844">
    <system-out><![CDATA[09:06:20.450 [main] DEBUG com.intuit.karate.Suite - [config] classpath:karate-config.js
09:06:21.255 [main] INFO  com.intuit.karate - karate.env system property was: null 
09:06:21.822 [main] DEBUG com.intuit.karate - request:
1 > POST https://petstore.swagger.io/v2/pet
1 > Content-Type: application/json; charset=UTF-8
1 > Content-Length: 43
1 > Host: petstore.swagger.io
1 > Connection: Keep-Alive
1 > User-Agent: Apache-HttpClient/4.5.13 (Java/11.0.15.1)
1 > Accept-Encoding: gzip,deflate
{"name":"Kitty McGee","status":"available"}

09:06:22.685 [main] DEBUG com.intuit.karate - response time in milliseconds: 828
1 < 200
1 < Date: Thu, 22 Sep 2022 08:06:24 GMT
1 < Content-Type: application/json
1 < Transfer-Encoding: chunked
1 < Connection: keep-alive
1 < Access-Control-Allow-Origin: *
1 < Access-Control-Allow-Methods: GET, POST, DELETE, PUT
1 < Access-Control-Allow-Headers: Content-Type, api_key, Authorization
1 < Server: Jetty(9.2.9.v20150224)
{"id":9222968140497181207,"name":"Kitty McGee","photoUrls":[],"tags":[],"status":"available"}

09:06:22.704 [main] DEBUG com.intuit.karate - request:
2 > DELETE https://petstore.swagger.io/v2/pet/9222968140497181207
2 > Host: petstore.swagger.io
2 > Connection: Keep-Alive
2 > User-Agent: Apache-HttpClient/4.5.13 (Java/11.0.15.1)
2 > Accept-Encoding: gzip,deflate


09:06:23.336 [main] DEBUG com.intuit.karate - response time in milliseconds: 632
2 < 200
2 < Date: Thu, 22 Sep 2022 08:06:24 GMT
2 < Content-Type: application/json
2 < Transfer-Encoding: chunked
2 < Connection: keep-alive
2 < Access-Control-Allow-Origin: *
2 < Access-Control-Allow-Methods: GET, POST, DELETE, PUT
2 < Access-Control-Allow-Headers: Content-Type, api_key, Authorization
2 < Server: Jetty(9.2.9.v20150224)
{"code":200,"type":"unknown","message":"9222968140497181207"}

09:06:23.345 [main] DEBUG com.intuit.karate - request:
3 > DELETE https://petstore.swagger.io/v2/pet/9222968140497181207
3 > Host: petstore.swagger.io
3 > Connection: Keep-Alive
3 > User-Agent: Apache-HttpClient/4.5.13 (Java/11.0.15.1)
3 > Accept-Encoding: gzip,deflate


09:06:23.662 [main] DEBUG com.intuit.karate - response time in milliseconds: 316
3 < 404
3 < Date: Thu, 22 Sep 2022 08:06:25 GMT
3 < Content-Length: 0
3 < Connection: keep-alive
3 < Access-Control-Allow-Origin: *
3 < Access-Control-Allow-Methods: GET, POST, DELETE, PUT
3 < Access-Control-Allow-Headers: Content-Type, api_key, Authorization
3 < Server: Jetty(9.2.9.v20150224)


---------------------------------------------------------
feature: classpath:examples/petstore/pet/delete/deletePet.feature
scenarios:  1 | passed:  1 | failed:  0 | time: 2,3779
---------------------------------------------------------

]]></system-out>
  </testcase>
  <testcase name="[1:7] Get the information of the pet by using petId" classname="examples/petstore/pet/get/getPet" time="0.74">
    <system-out><![CDATA[09:06:24.331 [main] INFO  com.intuit.karate - karate.env system property was: null 
09:06:24.335 [main] DEBUG com.intuit.karate - request:
1 > POST https://petstore.swagger.io/v2/pet
1 > Content-Type: application/json; charset=UTF-8
1 > Content-Length: 44
1 > Host: petstore.swagger.io
1 > Connection: Keep-Alive
1 > User-Agent: Apache-HttpClient/4.5.13 (Java/11.0.15.1)
1 > Accept-Encoding: gzip,deflate
{"name":"Bobby McGeee","status":"available"}

09:06:24.652 [main] DEBUG com.intuit.karate - response time in milliseconds: 317
1 < 200
1 < Date: Thu, 22 Sep 2022 08:06:26 GMT
1 < Content-Type: application/json
1 < Transfer-Encoding: chunked
1 < Connection: keep-alive
1 < Access-Control-Allow-Origin: *
1 < Access-Control-Allow-Methods: GET, POST, DELETE, PUT
1 < Access-Control-Allow-Headers: Content-Type, api_key, Authorization
1 < Server: Jetty(9.2.9.v20150224)
{"id":9222968140497181207,"name":"Bobby McGeee","photoUrls":[],"tags":[],"status":"available"}

09:06:24.659 [main] DEBUG com.intuit.karate - request:
2 > GET https://petstore.swagger.io/v2/pet/9222968140497181207
2 > Host: petstore.swagger.io
2 > Connection: Keep-Alive
2 > User-Agent: Apache-HttpClient/4.5.13 (Java/11.0.15.1)
2 > Accept-Encoding: gzip,deflate


09:06:25.061 [main] DEBUG com.intuit.karate - response time in milliseconds: 401
2 < 200
2 < Date: Thu, 22 Sep 2022 08:06:26 GMT
2 < Content-Type: application/json
2 < Transfer-Encoding: chunked
2 < Connection: keep-alive
2 < Access-Control-Allow-Origin: *
2 < Access-Control-Allow-Methods: GET, POST, DELETE, PUT
2 < Access-Control-Allow-Headers: Content-Type, api_key, Authorization
2 < Server: Jetty(9.2.9.v20150224)
{"id":9222968140497181207,"name":"Bobby McGeee","photoUrls":[],"tags":[],"status":"available"}

]]></system-out>
  </testcase>
  <testcase name="[2:30] Get all the pets using the status value" classname="examples/petstore/pet/get/getPet" time="0.705">
    <system-out><![CDATA[09:06:25.068 [main] INFO  com.intuit.karate - karate.env system property was: null 
09:06:25.074 [main] DEBUG com.intuit.karate - request:
1 > GET https://petstore.swagger.io/v2/pet/findByStatus?status=available
1 > Host: petstore.swagger.io
1 > Connection: Keep-Alive
1 > User-Agent: Apache-HttpClient/4.5.13 (Java/11.0.15.1)
1 > Accept-Encoding: gzip,deflate


09:06:25.655 [main] DEBUG com.intuit.karate - response time in milliseconds: 581
1 < 200
1 < Date: Thu, 22 Sep 2022 08:06:26 GMT
1 < Content-Type: application/json
1 < Transfer-Encoding: chunked
1 < Connection: keep-alive
1 < Access-Control-Allow-Origin: *
1 < Access-Control-Allow-Methods: GET, POST, DELETE, PUT
1 < Access-Control-Allow-Headers: Content-Type, api_key, Authorization
1 < Server: Jetty(9.2.9.v20150224)
[{"id":9222968140497180514,"category":{"id":0,"name":"string"},"name":"doggie","photoUrls":["string"],"tags":[{"id":0,"name":"string"}],"status":"available"},{"id":9222968140497180515,"category":{"id":0,"name":"string"},"name":"doggie","photoUrls":["string"],"tags":[{"id":0,"name":"string"}],"status":"available"},{"id":9222968140497180516,"category":{"id":0,"name":"string"},"name":"doggie","photoUrls":["string"],"tags":[{"id":0,"name":"string"}],"status":"available"},{"id":9222968140497180517,"category":{"id":0,"name":"string"},"name":"doggie","photoUrls":["string"],"tags":[{"id":0,"name":"string"}],"status":"available"},{"id":9222968140497180518,"category":{"id":0,"name":"string"},"name":"doggie","photoUrls":["string"],"tags":[{"id":0,"name":"string"}],"status":"available"},{"id":9222968140497180519,"category":{"id":0,"name":"string"},"name":"doggie","photoUrls":["string"],"tags":[{"id":0,"name":"string"}],"status":"available"},{"id":9222968140497180520,"category":{"id":0,"name":"string"},"name":"doggie","photoUrls":["string"],"tags":[{"id":0,"name":"string"}],"status":"available"},{"id":9222968140497180521,"category":{"id":0,"name":"string"},"name":"doggie","photoUrls":["string"],"tags":[{"id":0,"name":"string"}],"status":"available"},{"id":9222968140497180522,"category":{"id":0,"name":"string"},"name":"doggie","photoUrls":["string"],"tags":[{"id":0,"name":"string"}],"status":"available"},{"id":9222968140497180523,"category":{"id":0,"name":"string"},"name":"doggie","photoUrls":["string"],"tags":[{"id":0,"name":"string"}],"status":"available"},{"id":9222968140497180524,"category":{"id":0,"name":"string"},"name":"doggie","photoUrls":["string"],"tags":[{"id":0,"name":"string"}],"status":"available"},{"id":9222968140497180525,"category":{"id":0,"name":"string"},"name":"doggie","photoUrls":["string"],"tags":[{"id":0,"name":"string"}],"status":"available"},{"id":8180,"category":{"id":176,"name":"Dog"},"name":"Jimmey","photoUrls":["www.google.com","www.yahoo.com"],"tags":[{"id":909,"name":"White"},{"id":808,"name":"Brown"}],"status":"available"},{"id":9222968140497180526,"category":{"id":0,"name":"string"},"name":"doggie","photoUrls":["string"],"tags":[{"id":0,"name":"string"}],"status":"available"},{"id":9222968140497180527,"category":{"id":0,"name":"string"},"name":"doggie","photoUrls":["string"],"tags":[{"id":0,"name":"string"}],"status":"available"},{"id":9222968140497180528,"category":{"id":0,"name":"string"},"name":"doggie","photoUrls":["string"],"tags":[{"id":0,"name":"string"}],"status":"available"},{"id":9222968140497180529,"category":{"id":0,"name":"string"},"name":"doggie","photoUrls":["string"],"tags":[{"id":0,"name":"string"}],"status":"available"},{"id":9222968140497180530,"category":{"id":0,"name":"string"},"name":"doggie","photoUrls":["string"],"tags":[{"id":0,"name":"string"}],"status":"available"},{"id":9222968140497180531,"category":{"id":0,"name":"string"},"name":"doggie","photoUrls":["string"],"tags":[{"id":0,"name":"string"}],"status":"available"},{"id":9222968140497180532,"name":"Kitty","photoUrls":[],"tags":[],"status":"available"},{"id":9222968140497180533,"category":{"id":0,"name":"string"},"name":"fish","photoUrls":["string"],"tags":[{"id":0,"name":"string"}],"status":"available"},{"id":9222968140497180534,"category":{"id":0,"name":"string"},"name":"fish","photoUrls":["string"],"tags":[{"id":0,"name":"string"}],"status":"available"},{"id":2,"category":{"id":9,"name":"cat"},"name":"kokona","photoUrls":["string"],"tags":[{"id":0,"name":"string"}],"status":"available"},{"id":55,"category":{"id":55,"name":"123"},"name":"123","photoUrls":["string"],"tags":[{"id":55,"name":"123"}],"status":"available"},{"id":9222968140497180536,"category":{"id":0,"name":"string"},"name":"doggie","photoUrls":["string"],"tags":[{"id":0,"name":"string"}],"status":"available"},{"id":9222968140497180537,"category":{"id":0,"name":"string"},"name":"doggie","photoUrls":["string"],"tags":[{"id":0,"name":"string"}],"status":"available"},{"id":9222968140497180179,"category":{"id":0,"name":"string"},"name":"test","photoUrls":["string"],"tags":[{"id":0,"name":"string"}],"status":"available"},{"id":112233,"category":{"id":30,"name":"Eq-dog"},"name":"Postman","photoUrls":["URLLink"],"tags":[{"id":10,"name":"Doberman"}],"status":"available"},{"id":9222968140497180542,"category":{"id":0,"name":"string"},"name":"doggie","photoUrls":["string"],"tags":[{"id":0,"name":"string"}],"status":"available"},{"id":9222968140497180543,"category":{"id":0,"name":"string"},"name":"doggie","photoUrls":["string"],"tags":[{"id":0,"name":"string"}],"status":"available"},{"id":9222968140497180544,"category":{"id":0,"name":"string"},"name":"fish","photoUrls":["string"],"tags":[{"id":0,"name":"string"}],"status":"available"},{"id":9222968140497180545,"category":{"id":0,"name":"string"},"name":"fish","photoUrls":["string"],"tags":[{"id":0,"name":"string"}],"status":"available"},{"id":9222968140497180546,"category":{"id":0,"name":"string"},"name":"doggie","photoUrls":["string"],"tags":[{"id":0,"name":"string"}],"status":"available"},{"id":9222968140497180547,"category":{"id":0,"name":"string"},"name":"doggie","photoUrls":["string"],"tags":[{"id":0,"name":"string"}],"status":"available"},{"id":9222968140497180550,"category":{"id":0,"name":"string"},"name":"doggie","photoUrls":["string"],"tags":[{"id":0,"name":"string"}],"status":"available"},{"id":9222968140497180551,"category":{"id":0,"name":"string"},"name":"doggie","photoUrls":["string"],"tags":[{"id":0,"name":"string"}],"status":"available"},{"id":9222968140497180552,"category":{"id":0,"name":"string"},"name":"doggie","photoUrls":["string"],"tags":[{"id":0,"name":"string"}],"status":"available"},{"id":9222968140497180553,"category":{"id":0,"name":"string"},"name":"doggie","photoUrls":["string"],"tags":[{"id":0,"name":"string"}],"status":"available"},{"id":9222968140497180554,"category":{"id":0,"name":"string"},"name":"doggie","photoUrls":["string"],"tags":[{"id":0,"name":"string"}],"status":"available"},{"id":9222968140497180555,"category":{"id":0,"name":"string"},"name":"doggie","photoUrls":["string"],"tags":[{"id":0,"name":"string"}],"status":"available"},{"id":9222968140497180556,"category":{"id":0,"name":""},"name":"","photoUrls":[""],"tags":[{"id":0,"name":""}],"status":"available"},{"id":9222968140497180557,"category":{"id":0,"name":"string"},"name":"fish","photoUrls":["string"],"tags":[{"id":0,"name":"string"}],"status":"available"},{"id":9222968140497180558,"category":{"id":0,"name":"string"},"name":"doggie","photoUrls":["string"],"tags":[{"id":0,"name":"string"}],"status":"available"},{"id":9222968140497180559,"category":{"id":0,"name":"string"},"name":"doggie","photoUrls":["string"],"tags":[{"id":0,"name":"string"}],"status":"available"},{"id":9222968140497180560,"category":{"id":0,"name":"string"},"name":"doggie","photoUrls":["string"],"tags":[{"id":0,"name":"string"}],"status":"available"},{"id":9222968140497180561,"category":{"id":0,"name":"string"},"name":"doggie","photoUrls":["string"],"tags":[{"id":0,"name":"string"}],"status":"available"},{"id":9222968140497180562,"category":{"id":0,"name":"string"},"name":"doggie","photoUrls":["string"],"tags":[{"id":0,"name":"string"}],"status":"available"},{"id":9222968140497180563,"category":{"id":0,"name":"string"},"name":"doggie","photoUrls":["string"],"tags":[{"id":0,"name":"string"}],"status":"available"},{"id":9222968140497180564,"category":{"id":0,"name":"string"},"name":"doggie","photoUrls":["string"],"tags":[{"id":0,"name":"string"}],"status":"available"},{"id":9222968140497180565,"category":{"id":0,"name":"string"},"name":"doggie","photoUrls":["string"],"tags":[{"id":0,"name":"string"}],"status":"available"},{"id":9222968140497180566,"category":{"id":0,"name":"string"},"name":"doggie","photoUrls":["string"],"tags":[{"id":0,"name":"string"}],"status":"available"},{"id":9222968140497180567,"category":{"id":0,"name":"string"},"name":"doggie","photoUrls":["string"],"tags":[{"id":0,"name":"string"}],"status":"available"},{"id":9222968140497180568,"category":{"id":0,"name":"string"},"name":"doggie","photoUrls":["string"],"tags":[{"id":0,"name":"string"}],"status":"available"},{"id":9222968140497180569,"category":{"id":0,"name":"string"},"name":"doggie","photoUrls":["string"],"tags":[{"id":0,"name":"string"}],"status":"available"},{"id":9222968140497180570,"category":{"id":0,"name":"string"},"name":"fish","photoUrls":["string"],"tags":[{"id":0,"name":"string"}],"status":"available"},{"id":9222968140497180571,"category":{"id":0,"name":"string"},"name":"fish","photoUrls":["string"],"tags":[{"id":0,"name":"string"}],"status":"available"},{"id":9222968140497180572,"category":{"id":0,"name":"string"},"name":"fish","photoUrls":["string"],"tags":[{"id":0,"name":"string"}],"status":"available"},{"id":9222968140497180574,"category":{"id":0,"name":"string"},"name":"fish","photoUrls":["string"],"tags":[{"id":0,"name":"string"}],"status":"available"},{"id":9222968140497180585,"category":{"id":0,"name":"string"},"name":"doggie","photoUrls":["string"],"tags":[{"id":0,"name":"string"}],"status":"available"},{"id":9222968140497180591,"category":{"id":0,"name":"string"},"name":"doggie","photoUrls":["string"],"tags":[{"id":0,"name":"string"}],"status":"available"},{"id":9222968140497180594,"category":{"id":0,"name":"string"},"name":"doggie","photoUrls":["string"],"tags":[{"id":0,"name":"string"}],"status":"available"},{"id":9222968140497180595,"category":{"id":0,"name":"string"},"name":"fish","photoUrls":["string"],"tags":[{"id":0,"name":"string"}],"status":"available"},{"id":9222968140497180599,"category":{"id":0,"name":"string"},"name":"fish","photoUrls":["string"],"tags":[{"id":0,"name":"string"}],"status":"available"},{"id":9222968140497180600,"category":{"id":0,"name":"string"},"name":"doggie","photoUrls":["string"],"tags":[{"id":0,"name":"string"}],"status":"available"},{"id":9222968140497180601,"category":{"id":0,"name":"string"},"name":"fish","photoUrls":["string"],"tags":[{"id":0,"name":"string"}],"status":"available"},{"id":9222968140497180602,"category":{"id":0,"name":"string"},"name":"fish","photoUrls":["string"],"tags":[{"id":0,"name":"string"}],"status":"available"},{"id":9222968140497180604,"category":{"id":0,"name":"string"},"name":"fish","photoUrls":["string"],"tags":[{"id":0,"name":"string"}],"status":"available"},{"id":9222968140497180605,"category":{"id":0,"name":"string"},"name":"doggie","photoUrls":["string"],"tags":[{"id":0,"name":"string"}],"status":"available"},{"id":9222968140497180606,"category":{"id":0,"name":"string"},"name":"doggie","photoUrls":["string"],"tags":[{"id":0,"name":"string"}],"status":"available"},{"id":9222968140497180607,"category":{"id":0,"name":"string"},"name":"doggie","photoUrls":["string"],"tags":[{"id":0,"name":"string"}],"status":"available"},{"id":9222968140497180608,"category":{"id":0,"name":"string"},"name":"doggie","photoUrls":["string"],"tags":[{"id":0,"name":"string"}],"status":"available"},{"id":9222968140497180609,"category":{"id":0,"name":"string"},"name":"doggie","photoUrls":["string"],"tags":[{"id":0,"name":"string"}],"status":"available"},{"id":9222968140497180610,"category":{"id":0,"name":"string"},"name":"doggie","photoUrls":["string"],"tags":[{"id":0,"name":"string"}],"status":"available"},{"id":9222968140497180611,"category":{"id":0,"name":"string"},"name":"doggie","photoUrls":["string"],"tags":[{"id":0,"name":"string"}],"status":"available"},{"id":9222968140497180612,"category":{"id":0,"name":"string"},"name":"doggie","photoUrls":["string"],"tags":[{"id":0,"name":"string"}],"status":"available"},{"id":9222968140497180613,"category":{"id":0,"name":"string"},"name":"doggie","photoUrls":["string"],"tags":[{"id":0,"name":"string"}],"status":"available"},{"id":9222968140497180614,"category":{"id":0,"name":"string"},"name":"doggie","photoUrls":["string"],"tags":[{"id":0,"name":"string"}],"status":"available"},{"id":9222968140497180615,"category":{"id":0,"name":"string"},"name":"doggie","photoUrls":["string"],"tags":[{"id":0,"name":"string"}],"status":"available"},{"id":9222968140497180616,"category":{"id":0,"name":"string"},"name":"doggie","photoUrls":["string"],"tags":[{"id":0,"name":"string"}],"status":"available"},{"id":9222968140497180617,"category":{"id":0,"name":"string"},"name":"doggie","photoUrls":["string"],"tags":[{"id":0,"name":"string"}],"status":"available"},{"id":9222968140497180618,"category":{"id":0,"name":"string"},"name":"doggie","photoUrls":["string"],"tags":[{"id":0,"name":"string"}],"status":"available"},{"id":9222968140497180619,"category":{"id":0,"name":"string"},"name":"doggie","photoUrls":["string"],"tags":[{"id":0,"name":"string"}],"status":"available"},{"id":9222968140497180620,"category":{"id":0,"name":"string"},"name":"doggie","photoUrls":["string"],"tags":[{"id":0,"name":"string"}],"status":"available"},{"id":9222968140497180621,"category":{"id":0,"name":"string"},"name":"doggie","photoUrls":["string"],"tags":[{"id":0,"name":"string"}],"status":"available"},{"id":9222968140497180622,"category":{"id":0,"name":"string"},"name":"doggie","photoUrls":["string"],"tags":[{"id":0,"name":"string"}],"status":"available"},{"id":9222968140497180623,"category":{"id":0,"name":"string"},"name":"doggie","photoUrls":["string"],"tags":[{"id":0,"name":"string"}],"status":"available"},{"id":9222968140497180624,"category":{"id":0,"name":"string"},"name":"doggie","photoUrls":["string"],"tags":[{"id":0,"name":"string"}],"status":"available"},{"id":9222968140497180625,"category":{"id":0,"name":"string"},"name":"doggie","photoUrls":["string"],"tags":[{"id":0,"name":"string"}],"status":"available"},{"id":9222968140497180626,"category":{"id":0,"name":"string"},"name":"fish","photoUrls":["string"],"tags":[{"id":0,"name":"string"}],"status":"available"},{"id":9222968140497180627,"category":{"id":0,"name":"string"},"name":"fish","photoUrls":["string"],"tags":[{"id":0,"name":"string"}],"status":"available"},{"id":9222968140497180629,"category":{"id":0,"name":"string"},"name":"doggie","photoUrls":["string"],"tags":[{"id":0,"name":"string"}],"status":"available"},{"id":9222968140497180631,"category":{"id":0,"name":"string"},"name":"fish","photoUrls":["string"],"tags":[{"id":0,"name":"string"}],"status":"available"},{"id":9222968140497180641,"category":{"id":0,"name":"string"},"name":"doggie","photoUrls":["string"],"tags":[{"id":0,"name":"string"}],"status":"available"},{"id":9222968140497180642,"category":{"id":0,"name":"string"},"name":"doggie","photoUrls":["string"],"tags":[{"id":0,"name":"string"}],"status":"available"},{"id":9222968140497180647,"category":{"id":0,"name":"string"},"name":"fish","photoUrls":["string"],"tags":[{"id":0,"name":"string"}],"status":"available"},{"id":9222968140497180648,"category":{"id":0,"name":"string"},"name":"fish","photoUrls":["string"],"tags":[{"id":0,"name":"string"}],"status":"available"},{"id":9222968140497180649,"category":{"id":0,"name":"string"},"name":"doggie","photoUrls":["string"],"tags":[{"id":0,"name":"string"}],"status":"available"},{"id":9222968140497180650,"category":{"id":0,"name":"string"},"name":"doggie","photoUrls":["string"],"tags":[{"id":0,"name":"string"}],"status":"available"},{"id":9222968140497180651,"category":{"id":0,"name":"string"},"name":"doggie","photoUrls":["string"],"tags":[{"id":0,"name":"string"}],"status":"available"},{"id":9222968140497180690,"category":{"id":0,"name":"puppy"},"name":"doggie","photoUrls":["string"],"tags":[{"id":0,"name":"Charlie"}],"status":"available"},{"id":9222968140497180691,"name":"siyaan","photoUrls":[],"tags":[],"status":"available"},{"id":9222968140497180692,"category":{"id":0,"name":"string"},"name":"doggie","photoUrls":["string"],"tags":[{"id":0,"name":"string"}],"status":"available"},{"id":9222968140497180693,"category":{"id":0,"name":"string"},"name":"doggie","photoUrls":["string"],"tags":[{"id":0,"name":"string"}],"status":"available"},{"id":9222968140497180694,"category":{"id":0,"name":"string"},"name":"doggie","photoUrls":["string"],"tags":[{"id":0,"name":"string"}],"status":"available"},{"id":9222968140497180695,"category":{"id":0,"name":"string"},"name":"doggie","photoUrls":["string"],"tags":[{"id":0,"name":"string"}],"status":"available"},{"id":9222968140497180696,"category":{"id":0,"name":"string"},"name":"doggie","photoUrls":["string"],"tags":[{"id":0,"name":"string"}],"status":"available"},{"id":9222968140497180697,"category":{"id":0,"name":"string"},"name":"doggie","photoUrls":["string"],"tags":[{"id":0,"name":"string"}],"status":"available"},{"id":9222968140497180698,"category":{"id":0,"name":"string"},"name":"fish","photoUrls":["string"],"tags":[{"id":0,"name":"string"}],"status":"available"},{"id":9222968140497180699,"category":{"id":0,"name":"string"},"name":"fish","photoUrls":["string"],"tags":[{"id":0,"name":"string"}],"status":"available"},{"id":9222968140497180700,"category":{"id":0,"name":"string"},"name":"doggie","photoUrls":["string"],"tags":[{"id":0,"name":"string"}],"status":"available"},{"id":9222968140497180701,"category":{"id":0,"name":"string"},"name":"doggie","photoUrls":["string"],"tags":[{"id":0,"name":"string"}],"status":"available"},{"id":9222968140497180702,"category":{"id":0,"name":"string"},"name":"doggie","photoUrls":["string"],"tags":[{"id":0,"name":"string"}],"status":"available"},{"id":9222968140497180703,"category":{"id":0,"name":"string"},"name":"doggie","photoUrls":["string"],"tags":[{"id":0,"name":"string"}],"status":"available"},{"id":9222968140497180704,"category":{"id":0,"name":"string"},"name":"doggie","photoUrls":["string"],"tags":[{"id":0,"name":"string"}],"status":"available"},{"id":9222968140497180705,"category":{"id":0,"name":"string"},"name":"doggie","photoUrls":["string"],"tags":[{"id":0,"name":"string"}],"status":"available"},{"id":9222968140497180706,"category":{"id":0,"name":"string"},"name":"fish","photoUrls":["string"],"tags":[{"id":0,"name":"string"}],"status":"available"},{"id":9222968140497180707,"category":{"id":0,"name":"string"},"name":"doggie","photoUrls":["string"],"tags":[{"id":0,"name":"string"}],"status":"available"},{"id":9222968140497180708,"category":{"id":0,"name":"string"},"name":"doggie","photoUrls":["string"],"tags":[{"id":0,"name":"string"}],"status":"available"},{"id":9222968140497180709,"category":{"id":0,"name":"string"},"name":"doggie","photoUrls":["string"],"tags":[{"id":0,"name":"string"}],"status":"available"},{"id":9222968140497180710,"category":{"id":0,"name":"string"},"name":"doggie","photoUrls":["string"],"tags":[{"id":0,"name":"string"}],"status":"available"},{"id":9222968140497180711,"category":{"id":0,"name":"string"},"name":"doggie","photoUrls":["string"],"tags":[{"id":0,"name":"string"}],"status":"available"},{"id":9222968140497180712,"category":{"id":0,"name":"string"},"name":"doggie","photoUrls":["string"],"tags":[{"id":0,"name":"string"}],"status":"available"},{"id":9222968140497180713,"category":{"id":0,"name":"string"},"name":"fish","photoUrls":["string"],"tags":[{"id":0,"name":"string"}],"status":"available"},{"id":9222968140497180714,"category":{"id":0,"name":"string"},"name":"doggie","photoUrls":["string"],"tags":[{"id":0,"name":"string"}],"status":"available"},{"id":1245,"category":{"id":1245,"name":"xyz"},"name":"xyz","photoUrls":["test"],"tags":[],"status":"available"},{"id":9222968140497180722,"category":{"id":0,"name":"string"},"name":"doggie","photoUrls":["string"],"tags":[{"id":0,"name":"string"}],"status":"available"},{"id":9222968140497180727,"category":{"id":0,"name":"string"},"name":"fish","photoUrls":["string"],"tags":[{"id":0,"name":"string"}],"status":"available"},{"id":9222968140497180733,"category":{"id":0,"name":"string"},"name":"fish","photoUrls":["string"],"tags":[{"id":0,"name":"string"}],"status":"available"},{"id":1001,"category":{"id":101,"name":"bullseye"},"name":"doggie","photoUrls":["string"],"tags":[{"id":0,"name":"string"}],"status":"available"},{"id":9222968140497180736,"category":{"id":0,"name":"string"},"name":"doggie","photoUrls":["string"],"tags":[{"id":0,"name":"string"}],"status":"available"},{"id":9222968140497180737,"category":{"id":0,"name":"string"},"name":"fish","photoUrls":["string"],"tags":[{"id":0,"name":"string"}],"status":"available"},{"id":9222968140497180738,"category":{"id":0,"name":"string"},"name":"fish","photoUrls":["string"],"tags":[{"id":0,"name":"string"}],"status":"available"},{"id":9222968140497180744,"category":{"id":0,"name":"string"},"name":"fish","photoUrls":["string"],"tags":[{"id":0,"name":"string"}],"status":"available"},{"id":9222968140497180745,"category":{"id":0,"name":"string"},"name":"fish","photoUrls":["string"],"tags":[{"id":0,"name":"string"}],"status":"available"},{"id":9222968140497180747,"category":{"id":0,"name":"string"},"name":"doggie","photoUrls":["string"],"tags":[{"id":0,"name":"string"}],"status":"available"},{"id":9222968140497180748,"category":{"id":0,"name":"string"},"name":"doggie","photoUrls":["string"],"tags":[{"id":0,"name":"string"}],"status":"available"},{"id":9222968140497180749,"category":{"id":0,"name":"string"},"name":"doggie","photoUrls":["string"],"tags":[{"id":0,"name":"string"}],"status":"available"},{"id":9222968140497180750,"category":{"id":0,"name":"string"},"name":"doggie","photoUrls":["string"],"tags":[{"id":0,"name":"string"}],"status":"available"},{"id":9222968140497180751,"category":{"id":0,"name":"string"},"name":"doggie","photoUrls":["string"],"tags":[{"id":0,"name":"string"}],"status":"available"},{"id":9222968140497180752,"category":{"id":0,"name":"string"},"name":"doggie","photoUrls":["string"],"tags":[{"id":0,"name":"string"}],"status":"available"},{"id":9222968140497180753,"category":{"id":0,"name":"string"},"name":"doggie","photoUrls":["string"],"tags":[{"id":0,"name":"string"}],"status":"available"},{"id":9222968140497180754,"category":{"id":0,"name":"string"},"name":"doggie","photoUrls":["string"],"tags":[{"id":0,"name":"string"}],"status":"available"},{"id":9222968140497180755,"category":{"id":0,"name":"string"},"name":"doggie","photoUrls":["string"],"tags":[{"id":0,"name":"string"}],"status":"available"},{"id":9222968140497180756,"category":{"id":0,"name":"string"},"name":"doggie","photoUrls":["string"],"tags":[{"id":0,"name":"string"}],"status":"available"},{"id":9222968140497180757,"category":{"id":0,"name":"string"},"name":"doggie","photoUrls":["string"],"tags":[{"id":0,"name":"string"}],"status":"available"},{"id":9222968140497180758,"category":{"id":0,"name":"string"},"name":"doggie","photoUrls":["string"],"tags":[{"id":0,"name":"string"}],"status":"available"},{"id":9222968140497180759,"category":{"id":0,"name":"string"},"name":"fish","photoUrls":["string"],"tags":[{"id":0,"name":"string"}],"status":"available"},{"id":9222968140497180760,"category":{"id":0,"name":"string"},"name":"doggie","photoUrls":["string"],"tags":[{"id":0,"name":"string"}],"status":"available"},{"id":9222968140497180761,"category":{"id":0,"name":"string"},"name":"doggie","photoUrls":["string"],"tags":[{"id":0,"name":"string"}],"status":"available"},{"id":9222968140497180762,"category":{"id":0,"name":"string"},"name":"doggie","photoUrls":["string"],"tags":[{"id":0,"name":"string"}],"status":"available"},{"id":9222968140497180763,"category":{"id":0,"name":"string"},"name":"doggie","photoUrls":["string"],"tags":[{"id":0,"name":"string"}],"status":"available"},{"id":9222968140497180764,"category":{"id":0,"name":"string"},"name":"doggie","photoUrls":["string"],"tags":[{"id":0,"name":"string"}],"status":"available"},{"id":9222968140497180765,"category":{"id":0,"name":"string"},"name":"doggie","photoUrls":["string"],"tags":[{"id":0,"name":"string"}],"status":"available"},{"id":9222968140497180766,"category":{"id":0,"name":"cats"},"name":"kitty","photoUrls":["string"],"tags":[{"id":0,"name":"pretty"}],"status":"available"},{"id":9222968140497180767,"category":{"id":0,"name":"string"},"name":"fish","photoUrls":["string"],"tags":[{"id":0,"name":"string"}],"status":"available"},{"id":9222968140497180778,"category":{"id":0,"name":"string"},"name":"doggie","photoUrls":["string"],"tags":[{"id":0,"name":"string"}],"status":"available"},{"id":9222968140497180779,"category":{"id":0,"name":"string"},"name":"Doggie","photoUrls":["string"],"tags":[{"id":0,"name":"string"}],"status":"available"},{"id":9222968140497180780,"category":{"id":0,"name":"string"},"name":"fish","photoUrls":["string"],"tags":[{"id":0,"name":"string"}],"status":"available"},{"id":9222968140497180783,"category":{"id":0,"name":"string"},"name":"fish","photoUrls":["string"],"tags":[{"id":0,"name":"string"}],"status":"available"},{"id":9222968140497180784,"category":{"id":0,"name":"string"},"name":"fish","photoUrls":["string"],"tags":[{"id":0,"name":"string"}],"status":"available"},{"id":9222968140497180785,"category":{"id":0,"name":"Jerry"},"name":"Mouse","photoUrls":["string"],"tags":[{"id":0,"name":"Mouse"}],"status":"available"},{"id":9222968140497180789,"category":{"id":0,"name":"string"},"name":"doggie","photoUrls":["string"],"tags":[{"id":0,"name":"string"}],"status":"available"},{"id":9222968140497180790,"category":{"id":0,"name":"string"},"name":"doggie","photoUrls":["string"],"tags":[{"id":0,"name":"string"}],"status":"available"},{"id":9222968140497180791,"category":{"id":0,"name":"string"},"name":"doggie","photoUrls":["string"],"tags":[{"id":0,"name":"string"}],"status":"available"},{"id":9222968140497180792,"category":{"id":0,"name":"string"},"name":"doggie","photoUrls":["string"],"tags":[{"id":0,"name":"string"}],"status":"available"},{"id":9222968140497180793,"category":{"id":0,"name":"string"},"name":"doggie","photoUrls":["string"],"tags":[{"id":0,"name":"string"}],"status":"available"},{"id":9222968140497180794,"category":{"id":0,"name":"string"},"name":"doggie","photoUrls":["string"],"tags":[{"id":0,"name":"string"}],"status":"available"},{"id":9222968140497180795,"category":{"id":0,"name":"string"},"name":"doggie","photoUrls":["string"],"tags":[{"id":0,"name":"string"}],"status":"available"},{"id":9222968140497180796,"category":{"id":0,"name":"string"},"name":"doggie","photoUrls":["string"],"tags":[{"id":0,"name":"string"}],"status":"available"},{"id":9222968140497180797,"category":{"id":0,"name":"string"},"name":"doggie","photoUrls":["string"],"tags":[{"id":0,"name":"string"}],"status":"available"},{"id":9222968140497180798,"category":{"id":0,"name":"string"},"name":"doggie","photoUrls":["string"],"tags":[{"id":0,"name":"string"}],"status":"available"},{"id":9222968140497180799,"category":{"id":0,"name":"string"},"name":"doggie","photoUrls":["string"],"tags":[{"id":0,"name":"string"}],"status":"available"},{"id":9222968140497180800,"category":{"id":0,"name":"string"},"name":"doggie","photoUrls":["string"],"tags":[{"id":0,"name":"string"}],"status":"available"},{"id":9222968140497180801,"category":{"id":0,"name":"string"},"name":"doggie","photoUrls":["string"],"tags":[{"id":0,"name":"string"}],"status":"available"},{"id":9222968140497180802,"category":{"id":0,"name":"string"},"name":"doggie","photoUrls":["string"],"tags":[{"id":0,"name":"string"}],"status":"available"},{"id":9222968140497180803,"category":{"id":0,"name":"string"},"name":"doggie","photoUrls":["string"],"tags":[{"id":0,"name":"string"}],"status":"available"},{"id":9222968140497180804,"category":{"id":0,"name":"string"},"name":"doggie","photoUrls":["string"],"tags":[{"id":0,"name":"string"}],"status":"available"},{"id":9222968140497180805,"category":{"id":0,"name":"string"},"name":"doggie","photoUrls":["string"],"tags":[{"id":0,"name":"string"}],"status":"available"},{"id":9222968140497180806,"category":{"id":0,"name":"string"},"name":"doggie","photoUrls":["string"],"tags":[{"id":0,"name":"string"}],"status":"available"},{"id":9222968140497180807,"category":{"id":0,"name":"string"},"name":"fish","photoUrls":["string"],"tags":[{"id":0,"name":"string"}],"status":"available"},{"id":9222968140497180808,"category":{"id":0,"name":"string"},"name":"fish","photoUrls":["string"],"tags":[{"id":0,"name":"string"}],"status":"available"},{"id":9222968140497180817,"category":{"id":123,"name":"string"},"name":"doggie","photoUrls":["string"],"tags":[{"id":123,"name":"string"}],"status":"available"},{"id":9222968140497180818,"category":{"id":123,"name":"string"},"name":"doggie","photoUrls":["string"],"tags":[{"id":123,"name":"string"}],"status":"available"},{"id":9222968140497180819,"category":{"id":0,"name":"string"},"name":"fish","photoUrls":["string"],"tags":[{"id":0,"name":"string"}],"status":"available"},{"id":9222968140497180830,"category":{"id":0,"name":"string"},"name":"doggie","photoUrls":["string"],"tags":[{"id":0,"name":"string"}],"status":"available"},{"id":9222968140497180831,"name":"Kitty","photoUrls":[],"tags":[],"status":"available"},{"id":9222968140497180832,"category":{"id":0,"name":"string"},"name":"fish","photoUrls":["string"],"tags":[{"id":0,"name":"string"}],"status":"available"},{"id":9222968140497180835,"category":{"id":0,"name":"string"},"name":"fish","photoUrls":["string"],"tags":[{"id":0,"name":"string"}],"status":"available"},{"id":9222968140497180840,"category":{"id":0,"name":"string"},"name":"fish","photoUrls":["string"],"tags":[{"id":0,"name":"string"}],"status":"available"},{"id":9222968140497180847,"category":{"id":0,"name":"string"},"name":"fish","photoUrls":["string"],"tags":[{"id":0,"name":"string"}],"status":"available"},{"id":9222968140497180856,"category":{"id":0,"name":"string"},"name":"doggie","photoUrls":["string"],"tags":[{"id":0,"name":"string"}],"status":"available"},{"id":9222968140497180857,"category":{"id":0,"name":"string"},"name":"doggie","photoUrls":["string"],"tags":[{"id":0,"name":"string"}],"status":"available"},{"id":9222968140497180858,"category":{"id":0,"name":"string"},"name":"doggie","photoUrls":["string"],"tags":[{"id":0,"name":"string"}],"status":"available"},{"id":9222968140497180859,"category":{"id":0,"name":"string"},"name":"doggie","photoUrls":["string"],"tags":[{"id":0,"name":"string"}],"status":"available"},{"id":9222968140497180860,"category":{"id":0,"name":"string"},"name":"doggie","photoUrls":["string"],"tags":[{"id":0,"name":"string"}],"status":"available"},{"id":9222968140497180861,"category":{"id":0,"name":"string"},"name":"doggie","photoUrls":["string"],"tags":[{"id":0,"name":"string"}],"status":"available"},{"id":9222968140497180862,"category":{"id":0,"name":"string"},"name":"doggie","photoUrls":["string"],"tags":[{"id":0,"name":"string"}],"status":"available"},{"id":9222968140497180863,"category":{"id":0,"name":"string"},"name":"doggie","photoUrls":["string"],"tags":[{"id":0,"name":"string"}],"status":"available"},{"id":9222968140497180864,"category":{"id":0,"name":"string"},"name":"doggie","photoUrls":["string"],"tags":[{"id":0,"name":"string"}],"status":"available"},{"id":9222968140497180865,"category":{"id":0,"name":"string"},"name":"doggie","photoUrls":["string"],"tags":[{"id":0,"name":"string"}],"status":"available"},{"id":9222968140497180866,"category":{"id":0,"name":"string"},"name":"doggie","photoUrls":["string"],"tags":[{"id":0,"name":"string"}],"status":"available"},{"id":9222968140497180867,"category":{"id":0,"name":"string"},"name":"doggie","photoUrls":["string"],"tags":[{"id":0,"name":"string"}],"status":"available"},{"id":9222968140497180868,"category":{"id":0,"name":"string"},"name":"doggie","photoUrls":["string"],"tags":[{"id":0,"name":"string"}],"status":"available"},{"id":9222968140497180869,"category":{"id":0,"name":"string"},"name":"fish","photoUrls":["string"],"tags":[{"id":0,"name":"string"}],"status":"available"},{"id":9222968140497180870,"category":{"id":0,"name":"string"},"name":"doggie","photoUrls":["string"],"tags":[{"id":0,"name":"string"}],"status":"available"},{"id":9222968140497180871,"category":{"id":0,"name":"string"},"name":"doggie","photoUrls":["string"],"tags":[{"id":0,"name":"string"}],"status":"available"},{"id":9222968140497180872,"category":{"id":0,"name":"string"},"name":"doggie","photoUrls":["string"],"tags":[{"id":0,"name":"string"}],"status":"available"},{"id":9222968140497180873,"category":{"id":0,"name":"string"},"name":"doggie","photoUrls":["string"],"tags":[{"id":0,"name":"string"}],"status":"available"},{"id":9222968140497180874,"category":{"id":0,"name":"string"},"name":"doggie","photoUrls":["string"],"tags":[{"id":0,"name":"string"}],"status":"available"},{"id":9222968140497180875,"category":{"id":0,"name":"string"},"name":"doggie","photoUrls":["string"],"tags":[{"id":0,"name":"string"}],"status":"available"},{"id":9222968140497180876,"category":{"id":0,"name":"string"},"name":"fish","photoUrls":["string"],"tags":[{"id":0,"name":"string"}],"status":"available"},{"id":9222968140497180888,"category":{"id":0,"name":"string"},"name":"fish","photoUrls":["string"],"tags":[{"id":0,"name":"string"}],"status":"available"},{"id":9222968140497180889,"category":{"id":0,"name":"string"},"name":"fish","photoUrls":["string"],"tags":[{"id":0,"name":"string"}],"status":"available"},{"id":9222968140497180890,"category":{"id":0,"name":"string"},"name":"fish","photoUrls":["string"],"tags":[{"id":0,"name":"string"}],"status":"available"},{"id":9222968140497180891,"category":{"id":0,"name":"string"},"name":"fish","photoUrls":["string"],"tags":[{"id":0,"name":"string"}],"status":"available"},{"id":9222968140497180897,"category":{"id":0,"name":"string"},"name":"fish","photoUrls":["string"],"tags":[{"id":0,"name":"string"}],"status":"available"},{"id":9222968140497180898,"category":{"id":0,"name":"string"},"name":"fish","photoUrls":["string"],"tags":[{"id":0,"name":"string"}],"status":"available"},{"id":9222968140497180899,"category":{"id":0,"name":"string"},"name":"doggie","photoUrls":["string"],"tags":[{"id":0,"name":"string"}],"status":"available"},{"id":9222968140497180900,"category":{"id":0,"name":"string"},"name":"doggie","photoUrls":["string"],"tags":[{"id":0,"name":"string"}],"status":"available"},{"id":9222968140497180901,"category":{"id":0,"name":"string"},"name":"doggie","photoUrls":["string"],"tags":[{"id":0,"name":"string"}],"status":"available"},{"id":9222968140497180902,"category":{"id":0,"name":"string"},"name":"doggie","photoUrls":["string"],"tags":[{"id":0,"name":"string"}],"status":"available"},{"id":9222968140497180903,"category":{"id":0,"name":"string"},"name":"doggie","photoUrls":["string"],"tags":[{"id":0,"name":"string"}],"status":"available"},{"id":9222968140497180904,"category":{"id":0,"name":"string"},"name":"doggie","photoUrls":["string"],"tags":[{"id":0,"name":"string"}],"status":"available"},{"id":9222968140497180907,"category":{"id":0,"name":"string"},"name":"doggie","photoUrls":["string"],"tags":[{"id":0,"name":"string"}],"status":"available"},{"id":9222968140497180908,"category":{"id":0,"name":"string"},"name":"doggie","photoUrls":["string"],"tags":[{"id":0,"name":"string"}],"status":"available"},{"id":9222968140497180909,"category":{"id":0,"name":"string"},"name":"doggie","photoUrls":["string"],"tags":[{"id":0,"name":"string"}],"status":"available"},{"id":9222968140497180910,"category":{"id":0,"name":"string"},"name":"doggie","photoUrls":["string"],"tags":[{"id":0,"name":"string"}],"status":"available"},{"id":9222968140497180911,"category":{"id":0,"name":"string"},"name":"doggie","photoUrls":["string"],"tags":[{"id":0,"name":"string"}],"status":"available"},{"id":9222968140497180912,"category":{"id":0,"name":"string"},"name":"doggie","photoUrls":["string"],"tags":[{"id":0,"name":"string"}],"status":"available"},{"id":9222968140497180913,"category":{"id":0,"name":"string"},"name":"doggie","photoUrls":["string"],"tags":[{"id":0,"name":"string"}],"status":"available"},{"id":9222968140497180914,"category":{"id":0,"name":"string"},"name":"doggie","photoUrls":["string"],"tags":[{"id":0,"name":"string"}],"status":"available"},{"id":9222968140497180915,"category":{"id":0,"name":"string"},"name":"doggie","photoUrls":["string"],"tags":[{"id":0,"name":"string"}],"status":"available"},{"id":9222968140497180916,"category":{"id":0,"name":"string"},"name":"doggie","photoUrls":["string"],"tags":[{"id":0,"name":"string"}],"status":"available"},{"id":9222968140497180917,"category":{"id":0,"name":"string"},"name":"doggie","photoUrls":["string"],"tags":[{"id":0,"name":"string"}],"status":"available"},{"id":9222968140497180918,"category":{"id":0,"name":"string"},"name":"doggie","photoUrls":["string"],"tags":[{"id":0,"name":"string"}],"status":"available"},{"id":9222968140497180919,"category":{"id":0,"name":"string"},"name":"fish","photoUrls":["string"],"tags":[{"id":0,"name":"string"}],"status":"available"},{"id":9222968140497180920,"category":{"id":0,"name":"string"},"name":"fish","photoUrls":["string"],"tags":[{"id":0,"name":"string"}],"status":"available"},{"id":9222968140497180939,"category":{"id":0,"name":"string"},"name":"fish","photoUrls":["string"],"tags":[{"id":0,"name":"string"}],"status":"available"},{"id":9222968140497180941,"category":{"id":0,"name":"string"},"name":"fish","photoUrls":["string"],"tags":[{"id":0,"name":"string"}],"status":"available"},{"id":9222968140497180942,"category":{"id":0,"name":"string"},"name":"fish","photoUrls":["string"],"tags":[{"id":0,"name":"string"}],"status":"available"},{"id":9222968140497180943,"category":{"id":0,"name":"string"},"name":"fish","photoUrls":["string"],"tags":[{"id":0,"name":"string"}],"status":"available"},{"id":9222968140497180944,"category":{"id":0,"name":"string"},"name":"fish","photoUrls":["string"],"tags":[{"id":0,"name":"string"}],"status":"available"},{"id":9222968140497180947,"category":{"id":0,"name":""},"name":"","photoUrls":["string"],"tags":[{"id":4,"name":""}],"status":"available"},{"id":9222968140497180948,"category":{"id":0,"name":""},"name":"","photoUrls":["string"],"tags":[{"id":4,"name":""}],"status":"available"},{"id":9222968140497180949,"category":{"id":0,"name":"helen"},"name":"doggie","photoUrls":["string"],"tags":[{"id":21,"name":"parker"}],"status":"available"},{"id":9222968140497180952,"category":{"id":0,"name":"string"},"name":"doggie","photoUrls":["string"],"tags":[{"id":0,"name":"string"}],"status":"available"},{"id":9222968140497180953,"category":{"id":0,"name":"string"},"name":"doggie","photoUrls":["string"],"tags":[{"id":0,"name":"string"}],"status":"available"},{"id":9222968140497180954,"category":{"id":0,"name":"string"},"name":"doggie","photoUrls":["string"],"tags":[{"id":0,"name":"string"}],"status":"available"},{"id":9222968140497180955,"category":{"id":0,"name":"string"},"name":"doggie","photoUrls":["string"],"tags":[{"id":0,"name":"string"}],"status":"available"},{"id":9222968140497180956,"category":{"id":0,"name":"string"},"name":"doggie","photoUrls":["string"],"tags":[{"id":0,"name":"string"}],"status":"available"},{"id":9222968140497180958,"category":{"id":0,"name":"string"},"name":"doggie","photoUrls":["string"],"tags":[{"id":0,"name":"string"}],"status":"available"},{"id":9222968140497180960,"category":{"id":0,"name":"string"},"name":"doggie","photoUrls":["string"],"tags":[{"id":0,"name":"string"}],"status":"available"},{"id":9222968140497180961,"category":{"id":0,"name":"string"},"name":"doggie","photoUrls":["string"],"tags":[{"id":0,"name":"string"}],"status":"available"},{"id":9222968140497180962,"category":{"id":0,"name":"string"},"name":"doggie","photoUrls":["string"],"tags":[{"id":0,"name":"string"}],"status":"available"},{"id":9222968140497180963,"category":{"id":0,"name":"string"},"name":"doggie","photoUrls":["string"],"tags":[{"id":0,"name":"string"}],"status":"available"},{"id":9222968140497180964,"category":{"id":0,"name":"string"},"name":"doggie","photoUrls":["string"],"tags":[{"id":0,"name":"string"}],"status":"available"},{"id":9222968140497180965,"category":{"id":0,"name":"string"},"name":"doggie","photoUrls":["string"],"tags":[{"id":0,"name":"string"}],"status":"available"},{"id":9222968140497180966,"category":{"id":0,"name":"string"},"name":"fish","photoUrls":["string"],"tags":[{"id":0,"name":"string"}],"status":"available"},{"id":9222968140497180967,"category":{"id":0,"name":"string"},"name":"doggie","photoUrls":["string"],"tags":[{"id":0,"name":"string"}],"status":"available"},{"id":9222968140497180968,"category":{"id":0,"name":"string"},"name":"doggie","photoUrls":["string"],"tags":[{"id":0,"name":"string"}],"status":"available"},{"id":9222968140497180969,"category":{"id":0,"name":"string"},"name":"doggie","photoUrls":["string"],"tags":[{"id":0,"name":"string"}],"status":"available"},{"id":9222968140497180970,"category":{"id":0,"name":"string"},"name":"doggie","photoUrls":["string"],"tags":[{"id":0,"name":"string"}],"status":"available"},{"id":9222968140497180971,"category":{"id":0,"name":"string"},"name":"doggie","photoUrls":["string"],"tags":[{"id":0,"name":"string"}],"status":"available"},{"id":9222968140497180972,"category":{"id":0,"name":"string"},"name":"doggie","photoUrls":["string"],"tags":[{"id":0,"name":"string"}],"status":"available"},{"id":9222968140497180973,"category":{"id":0,"name":"string"},"name":"fish","photoUrls":["string"],"tags":[{"id":0,"name":"string"}],"status":"available"},{"id":9222968140497180988,"category":{"id":0,"name":"string"},"name":"fish","photoUrls":["string"],"tags":[{"id":0,"name":"string"}],"status":"available"},{"id":9222968140491042131,"category":{"id":0,"name":"string"},"name":"doggie","photoUrls":["string"],"tags":[{"id":0,"name":"string"}],"status":"available"},{"id":9222968140497180989,"category":{"id":0,"name":"string"},"name":"fish","photoUrls":["string"],"tags":[{"id":0,"name":"string"}],"status":"available"},{"id":9222968140497180991,"category":{"id":0,"name":"string"},"name":"doggie","photoUrls":["string"],"tags":[{"id":0,"name":"string"}],"status":"available"},{"id":9222968140497180992,"category":{"id":0,"name":"string"},"name":"fish","photoUrls":["string"],"tags":[{"id":0,"name":"string"}],"status":"available"},{"id":9222968140497180993,"category":{"id":0,"name":"string"},"name":"test","photoUrls":["string"],"tags":[{"id":0,"name":"string"}],"status":"available"},{"id":9222968140497180994,"category":{"id":0,"name":"string"},"name":"test","photoUrls":["string"],"tags":[{"id":0,"name":"string"}],"status":"available"},{"id":9222968140497180995,"category":{"id":0,"name":"string"},"name":"test","photoUrls":["string"],"tags":[{"id":0,"name":"string"}],"status":"available"},{"id":9222968140497180996,"category":{"id":0,"name":"string"},"name":"test","photoUrls":["string"],"tags":[{"id":0,"name":"string"}],"status":"available"},{"id":9222968140497180997,"category":{"id":0,"name":"string"},"name":"doggie","photoUrls":["string"],"tags":[{"id":0,"name":"string"}],"status":"available"},{"id":9222968140497180998,"category":{"id":0,"name":"string"},"name":"doggie","photoUrls":["string"],"tags":[{"id":0,"name":"string"}],"status":"available"},{"id":9222968140497180999,"category":{"id":0,"name":"string"},"name":"doggie","photoUrls":["string"],"tags":[{"id":0,"name":"string"}],"status":"available"},{"id":9222968140497181000,"category":{"id":0,"name":"string"},"name":"doggie","photoUrls":["string"],"tags":[{"id":0,"name":"string"}],"status":"available"},{"id":9222968140497181001,"category":{"id":0,"name":"string"},"name":"doggie","photoUrls":["string"],"tags":[{"id":0,"name":"string"}],"status":"available"},{"id":9222968140497181002,"category":{"id":0,"name":"string"},"name":"doggie","photoUrls":["string"],"tags":[{"id":0,"name":"string"}],"status":"available"},{"id":9222968140497181003,"category":{"id":0,"name":"string"},"name":"doggie","photoUrls":["string"],"tags":[{"id":0,"name":"string"}],"status":"available"},{"id":9222968140497181004,"category":{"id":0,"name":"string"},"name":"doggie","photoUrls":["string"],"tags":[{"id":0,"name":"string"}],"status":"available"},{"id":9222968140497181005,"category":{"id":0,"name":"string"},"name":"doggie","photoUrls":["string"],"tags":[{"id":0,"name":"string"}],"status":"available"},{"id":9222968140497181010,"category":{"id":0,"name":"string"},"name":"doggie","photoUrls":["string"],"tags":[{"id":0,"name":"string"}],"status":"available"},{"id":9222968140497181012,"category":{"id":0,"name":"string"},"name":"doggie","photoUrls":["string"],"tags":[{"id":0,"name":"string"}],"status":"available"},{"id":9222968140497181014,"category":{"id":0,"name":"string"},"name":"doggie","photoUrls":["string"],"tags":[{"id":0,"name":"string"}],"status":"available"},{"id":9222968140497181037,"category":{"id":0,"name":"string"},"name":"fish","photoUrls":["string"],"tags":[{"id":0,"name":"string"}],"status":"available"},{"id":9222968140497181038,"category":{"id":0,"name":"string"},"name":"doggie","photoUrls":["string"],"tags":[{"id":0,"name":"string"}],"status":"available"},{"id":9222968140497181039,"category":{"id":0,"name":"string"},"name":"doggie","photoUrls":["string"],"tags":[{"id":0,"name":"string"}],"status":"available"},{"id":9222968140497181040,"category":{"id":0,"name":"string"},"name":"doggie","photoUrls":["string"],"tags":[{"id":0,"name":"string"}],"status":"available"},{"id":9222968140497181041,"category":{"id":0,"name":"string"},"name":"doggie","photoUrls":["string"],"tags":[{"id":0,"name":"string"}],"status":"available"},{"id":9222968140497181042,"category":{"id":0,"name":"string"},"name":"doggie","photoUrls":["string"],"tags":[{"id":0,"name":"string"}],"status":"available"},{"id":9222968140497181043,"category":{"id":0,"name":"string"},"name":"doggie","photoUrls":["string"],"tags":[{"id":0,"name":"string"}],"status":"available"},{"id":9222968140497181044,"category":{"id":0,"name":"string"},"name":"fish","photoUrls":["string"],"tags":[{"id":0,"name":"string"}],"status":"available"},{"id":9222968140497181045,"category":{"id":0,"name":"string"},"name":"fish","photoUrls":["string"],"tags":[{"id":0,"name":"string"}],"status":"available"},{"id":9222968140497181046,"category":{"id":0,"name":"string"},"name":"fish","photoUrls":["string"],"tags":[{"id":0,"name":"string"}],"status":"available"},{"id":9222968140497181052,"name":"Bobby McGeee","photoUrls":[],"tags":[],"status":"available"},{"id":9222968140497181053,"name":"Kitty McGee","photoUrls":[],"tags":[],"status":"available"},{"id":9222968140497181056,"name":"Kitty McGee","photoUrls":[],"tags":[],"status":"available"},{"id":702,"category":{"id":11,"name":"category string"},"name":"doggie","photoUrls":["https://www.google.com/images/branding/googlelogo/2x/googlelogo_light_color_272x92dp.png"],"tags":[{"id":11,"name":"tags string"}],"status":"available"},{"id":404,"category":{"id":11,"name":"category string"},"name":"doggie","photoUrls":["https://www.google.com/images/branding/googlelogo/2x/googlelogo_light_color_272x92dp.png"],"tags":[{"id":11,"name":"tags string"}],"status":"available"},{"id":9222968140497181060,"name":"Kitty McGee","photoUrls":[],"tags":[],"status":"available"},{"id":9222968140497181061,"name":"Kitty McGee","photoUrls":[],"tags":[],"status":"available"},{"id":9222968140497181063,"name":"Kitty McGee","photoUrls":[],"tags":[],"status":"available"},{"id":118,"category":{"id":11,"name":"category string"},"name":"doggie","photoUrls":["https://www.google.com/images/branding/googlelogo/2x/googlelogo_light_color_272x92dp.png"],"tags":[{"id":11,"name":"tags string"}],"status":"available"},{"id":787,"category":{"id":11,"name":"category string"},"name":"kambing","photoUrls":["https://www.google.com/images/branding/googlelogo/2x/googlelogo_light_color_272x92dp.png"],"tags":[{"id":11,"name":"tags string"}],"status":"available"},{"id":9222968140497181068,"category":{"id":0,"name":"string"},"name":"doggie","photoUrls":["string"],"tags":[{"id":0,"name":"string"}],"status":"available"},{"id":12,"category":{"id":1,"name":"string"},"name":"doggie","photoUrls":["string"],"tags":[{"id":1,"name":"string"}],"status":"available"},{"id":9222968140497181070,"category":{"id":0,"name":"Dog"},"name":"Bob","photoUrls":["string"],"tags":[{"id":0,"name":"doggy"}],"status":"available"},{"id":9222968140497181071,"category":{"id":0,"name":"string"},"name":"fish","photoUrls":["string"],"tags":[{"id":0,"name":"string"}],"status":"available"},{"id":9222968140497181072,"category":{"id":0,"name":"string"},"name":"fish","photoUrls":["string"],"tags":[{"id":0,"name":"string"}],"status":"available"},{"id":9222968140497181076,"category":{"id":0,"name":"string"},"name":"fish","photoUrls":["string"],"tags":[{"id":0,"name":"string"}],"status":"available"},{"id":9222968140497181077,"category":{"id":0,"name":"creta"},"name":"doggie","photoUrls":["string"],"tags":[{"id":0,"name":"string"}],"status":"available"},{"id":9222968140497181078,"name":"Bobby McGeee","photoUrls":[],"tags":[],"status":"available"},{"id":9222968140497181079,"name":"Kitty McGee","photoUrls":[],"tags":[],"status":"available"},{"id":9222968140497181081,"name":"Kitty McGee","photoUrls":[],"tags":[],"status":"available"},{"id":9222968140497181083,"name":"Kitty McGee","photoUrls":[],"tags":[],"status":"available"},{"id":9222968140497181084,"name":"Kitty McGee","photoUrls":[],"tags":[],"status":"available"},{"id":9222968140497181086,"name":"Kitty McGee","photoUrls":[],"tags":[],"status":"available"},{"id":9222968140497181088,"category":{"id":0,"name":"string"},"name":"doggie","photoUrls":["string"],"tags":[{"id":0,"name":"string"}],"status":"available"},{"id":9222968140497181091,"category":{"id":0,"name":"string"},"name":"doggie","photoUrls":["string"],"tags":[{"id":0,"name":"string"}],"status":"available"},{"id":9222968140497181092,"category":{"id":0,"name":"string"},"name":"doggie","photoUrls":["string"],"tags":[{"id":0,"name":"string"}],"status":"available"},{"id":9222968140497181093,"category":{"id":0,"name":"string"},"name":"doggie","photoUrls":["string"],"tags":[{"id":0,"name":"string"}],"status":"available"},{"id":9222968140497181094,"category":{"id":0,"name":"string"},"name":"doggie","photoUrls":["string"],"tags":[{"id":0,"name":"string"}],"status":"available"},{"id":9222968140497181095,"category":{"id":0,"name":"string"},"name":"doggie","photoUrls":["string"],"tags":[{"id":0,"name":"string"}],"status":"available"},{"id":9222968140497181096,"category":{"id":0,"name":"string"},"name":"doggie","photoUrls":["string"],"tags":[{"id":0,"name":"string"}],"status":"available"},{"id":9222968140497181097,"category":{"id":0,"name":"string"},"name":"doggie","photoUrls":["string"],"tags":[{"id":0,"name":"string"}],"status":"available"},{"id":9222968140497181098,"category":{"id":0,"name":"string"},"name":"doggie","photoUrls":["string"],"tags":[{"id":0,"name":"string"}],"status":"available"},{"id":9222968140497181099,"category":{"id":0,"name":"string"},"name":"doggie","photoUrls":["string"],"tags":[{"id":0,"name":"string"}],"status":"available"},{"id":9222968140497181100,"category":{"id":0,"name":"string"},"name":"doggie","photoUrls":["string"],"tags":[{"id":0,"name":"string"}],"status":"available"},{"id":9222968140497181101,"category":{"id":0,"name":"string"},"name":"doggie","photoUrls":["string"],"tags":[{"id":0,"name":"string"}],"status":"available"},{"id":9222968140497181102,"category":{"id":0,"name":"string"},"name":"doggie","photoUrls":["string"],"tags":[{"id":0,"name":"string"}],"status":"available"},{"id":9222968140497181103,"category":{"id":0,"name":"string"},"name":"doggie","photoUrls":["string"],"tags":[{"id":0,"name":"string"}],"status":"available"},{"id":9222968140497181104,"category":{"id":0,"name":"string"},"name":"doggie","photoUrls":["string"],"tags":[{"id":0,"name":"string"}],"status":"available"},{"id":9222968140497181105,"category":{"id":0,"name":"string"},"name":"doggie","photoUrls":["string"],"tags":[{"id":0,"name":"string"}],"status":"available"},{"id":9222968140497181106,"category":{"id":0,"name":"string"},"name":"doggie","photoUrls":["string"],"tags":[{"id":0,"name":"string"}],"status":"available"},{"id":9222968140497181107,"category":{"id":0,"name":"string"},"name":"doggie","photoUrls":["string"],"tags":[{"id":0,"name":"string"}],"status":"available"},{"id":9222968140497181108,"category":{"id":0,"name":"string"},"name":"doggie","photoUrls":["string"],"tags":[{"id":0,"name":"string"}],"status":"available"},{"id":9222968140497181109,"category":{"id":0,"name":"string"},"name":"fish","photoUrls":["string"],"tags":[{"id":0,"name":"string"}],"status":"available"},{"id":9222968140497181110,"category":{"id":0,"name":"string"},"name":"fish","photoUrls":["string"],"tags":[{"id":0,"name":"string"}],"status":"available"},{"id":3,"category":{"id":31,"name":"animal"},"name":"fish","photoUrls":["string"],"tags":[{"id":31,"name":"nemo fish"}],"status":"available"},{"id":9222968140497181111,"category":{"id":0,"name":"string"},"name":"fish","photoUrls":["string"],"tags":[{"id":0,"name":"string"}],"status":"available"},{"id":9222968140497181112,"category":{"id":0,"name":"string"},"name":"fish","photoUrls":["string"],"tags":[{"id":0,"name":"string"}],"status":"available"},{"id":9222968140497181113,"category":{"id":0,"name":"string"},"name":"fish","photoUrls":["string"],"tags":[{"id":0,"name":"string"}],"status":"available"},{"id":9222968140497181118,"category":{"id":0,"name":"string"},"name":"doggie","photoUrls":["string"],"tags":[{"id":0,"name":"string"}],"status":"available"},{"id":1501,"name":"Tommy","photoUrls":[],"tags":[],"status":"available"},{"id":9222968140497181127,"category":{"id":0,"name":"string"},"name":"doggie","photoUrls":["string"],"tags":[{"id":0,"name":"string"}],"status":"available"},{"id":9222968140497181128,"category":{"id":0,"name":"string"},"name":"fish","photoUrls":["string"],"tags":[{"id":0,"name":"string"}],"status":"available"},{"id":9222968140497181131,"category":{"id":0,"name":"string"},"name":"fish","photoUrls":["string"],"tags":[{"id":0,"name":"string"}],"status":"available"},{"id":9222968140497181143,"category":{"id":0,"name":"My third test cat"},"name":"Bully","photoUrls":["https://upload.wikimedia.org/wikipedia/commons/6/6b/George_Earl_-_Michael_The_Archangel_1870.jpg"],"tags":[{"id":0,"name":"string"}],"status":"available"},{"id":9222968140497181144,"category":{"id":-3647201,"name":"aliqua dolore"},"name":"doggie","photoUrls":["commodo id Lorem dolor","laborum anim non sunt"],"tags":[{"id":-70487179,"name":"magna non"},{"id":-97224183,"name":"aliquip enim"}],"status":"available"},{"id":9222968140497181145,"category":{"id":-22028245,"name":"ad labore sunt"},"name":"doggie","photoUrls":["commodo aute veniam","tempor"],"tags":[{"id":47985645,"name":"quis consequat exercitation"},{"id":84422713,"name":"fugiat id"}],"status":"available"},{"id":9222968140497181146,"category":{"id":0,"name":"string"},"name":"doggie","photoUrls":["string"],"tags":[{"id":0,"name":"string"}],"status":"available"},{"id":9222968140497181147,"category":{"id":0,"name":"string"},"name":"doggie","photoUrls":["string"],"tags":[{"id":0,"name":"string"}],"status":"available"},{"id":9222968140497181148,"category":{"id":0,"name":"string"},"name":"doggie","photoUrls":["string"],"tags":[{"id":0,"name":"string"}],"status":"available"},{"id":9222968140497181149,"category":{"id":0,"name":"string"},"name":"doggie","photoUrls":["string"],"tags":[{"id":0,"name":"string"}],"status":"available"},{"id":9222968140497181150,"category":{"id":0,"name":"string"},"name":"doggie","photoUrls":["string"],"tags":[{"id":0,"name":"string"}],"status":"available"},{"id":9222968140497181151,"category":{"id":0,"name":"string"},"name":"doggie","photoUrls":["string"],"tags":[{"id":0,"name":"string"}],"status":"available"},{"id":9222968140497181152,"category":{"id":0,"name":"string"},"name":"doggie","photoUrls":["string"],"tags":[{"id":0,"name":"string"}],"status":"available"},{"id":9222968140497181153,"category":{"id":0,"name":"string"},"name":"doggie","photoUrls":["string"],"tags":[{"id":0,"name":"string"}],"status":"available"},{"id":9222968140497181154,"category":{"id":0,"name":"string"},"name":"doggie","photoUrls":["string"],"tags":[{"id":0,"name":"string"}],"status":"available"},{"id":9222968140497181155,"category":{"id":0,"name":"string"},"name":"doggie","photoUrls":["string"],"tags":[{"id":0,"name":"string"}],"status":"available"},{"id":9222968140497181156,"category":{"id":0,"name":"string"},"name":"doggie","photoUrls":["string"],"tags":[{"id":0,"name":"string"}],"status":"available"},{"id":9222968140497181157,"category":{"id":0,"name":"string"},"name":"doggie","photoUrls":["string"],"tags":[{"id":0,"name":"string"}],"status":"available"},{"id":9222968140497181158,"category":{"id":0,"name":"string"},"name":"fish","photoUrls":["string"],"tags":[{"id":0,"name":"string"}],"status":"available"},{"id":9222968140497181161,"category":{"id":0,"name":"string"},"name":"doggie","photoUrls":["string"],"tags":[{"id":0,"name":"string"}],"status":"available"},{"id":9222968140497181162,"category":{"id":0,"name":"string"},"name":"doggie","photoUrls":["string"],"tags":[{"id":0,"name":"string"}],"status":"available"},{"id":9222968140497181163,"category":{"id":0,"name":"string"},"name":"doggie","photoUrls":["string"],"tags":[{"id":0,"name":"string"}],"status":"available"},{"id":9222968140497181164,"category":{"id":0,"name":"string"},"name":"doggie","photoUrls":["string"],"tags":[{"id":0,"name":"string"}],"status":"available"},{"id":9222968140497181165,"category":{"id":0,"name":"string"},"name":"doggie","photoUrls":["string"],"tags":[{"id":0,"name":"string"}],"status":"available"},{"id":9222968140497181166,"category":{"id":0,"name":"string"},"name":"doggie","photoUrls":["string"],"tags":[{"id":0,"name":"string"}],"status":"available"},{"id":9222968140497181168,"category":{"id":0,"name":"string"},"name":"fish","photoUrls":["string"],"tags":[{"id":0,"name":"string"}],"status":"available"},{"id":9222968140497181182,"category":{"id":0,"name":"string"},"name":"doggie","photoUrls":["string"],"tags":[{"id":0,"name":"string"}],"status":"available"},{"id":9222968140497181185,"category":{"id":0,"name":"string"},"name":"doggie","photoUrls":["string"],"tags":[{"id":0,"name":"string"}],"status":"available"},{"id":9222968140497181194,"name":"Bobby McGeee","photoUrls":[],"tags":[],"status":"available"},{"id":9222968140497181195,"name":"Kitty McGee","photoUrls":[],"tags":[],"status":"available"},{"id":9222968140497181197,"name":"Kitty McGee","photoUrls":[],"tags":[],"status":"available"},{"id":9222968140497181199,"name":"Kitty McGee","photoUrls":[],"tags":[],"status":"available"},{"id":9222968140497181200,"name":"Kitty McGee","photoUrls":[],"tags":[],"status":"available"},{"id":9222968140497181202,"name":"Kitty McGee","photoUrls":[],"tags":[],"status":"available"},{"id":9222968140497181205,"category":{"id":0,"name":"string"},"name":"fish","photoUrls":["string"],"tags":[{"id":0,"name":"string"}],"status":"available"},{"id":9222968140497181206,"category":{"id":0,"name":"string"},"name":"fish","photoUrls":["string"],"tags":[{"id":0,"name":"string"}],"status":"available"},{"id":1,"category":{"id":1,"name":"cats"},"name":"Tom","photoUrls":["Tom image"],"tags":[{"id":1,"name":"tag # 1"}],"status":"available"},{"id":9222968140497181207,"name":"Bobby McGeee","photoUrls":[],"tags":[],"status":"available"},{"id":222,"category":{"id":1,"name":"New Name"},"name":"doggie","photoUrls":["string"],"tags":[{"id":0,"name":"string"}],"status":"available"}]

---------------------------------------------------------
feature: classpath:examples/petstore/pet/get/getPet.feature
scenarios:  2 | passed:  2 | failed:  0 | time: 1,3359
---------------------------------------------------------

]]></system-out>
  </testcase>
  <testcase name="[1:7] Create a Pet with Name and Status in Request Body" classname="examples/petstore/pet/post/postPet" time="0.45">
    <system-out><![CDATA[09:06:25.775 [main] INFO  com.intuit.karate - karate.env system property was: null 
09:06:25.779 [main] DEBUG com.intuit.karate - request:
1 > POST https://petstore.swagger.io/v2/pet
1 > Content-Type: application/json; charset=UTF-8
1 > Content-Length: 43
1 > Host: petstore.swagger.io
1 > Connection: Keep-Alive
1 > User-Agent: Apache-HttpClient/4.5.13 (Java/11.0.15.1)
1 > Accept-Encoding: gzip,deflate
{"name":"Kitty McGee","status":"available"}

09:06:26.218 [main] DEBUG com.intuit.karate - response time in milliseconds: 439
1 < 200
1 < Date: Thu, 22 Sep 2022 08:06:27 GMT
1 < Content-Type: application/json
1 < Transfer-Encoding: chunked
1 < Connection: keep-alive
1 < Access-Control-Allow-Origin: *
1 < Access-Control-Allow-Methods: GET, POST, DELETE, PUT
1 < Access-Control-Allow-Headers: Content-Type, api_key, Authorization
1 < Server: Jetty(9.2.9.v20150224)
{"id":9222968140497181208,"name":"Kitty McGee","photoUrls":[],"tags":[],"status":"available"}

]]></system-out>
  </testcase>
  <testcase name="[2:21] Create a Pet with Name and Status with Parameters" classname="examples/petstore/pet/post/postPet" time="0.343">
    <system-out><![CDATA[09:06:26.224 [main] INFO  com.intuit.karate - karate.env system property was: null 
09:06:26.227 [main] DEBUG com.intuit.karate - request:
1 > POST https://petstore.swagger.io/v2/pet?name=Kitty+McGee&status=available
1 > Host: petstore.swagger.io
1 > Connection: Keep-Alive
1 > User-Agent: Apache-HttpClient/4.5.13 (Java/11.0.15.1)
1 > Accept-Encoding: gzip,deflate


09:06:26.561 [main] DEBUG com.intuit.karate - response time in milliseconds: 334
1 < 415
1 < Date: Thu, 22 Sep 2022 08:06:27 GMT
1 < Content-Type: application/json
1 < Transfer-Encoding: chunked
1 < Connection: keep-alive
1 < Access-Control-Allow-Origin: *
1 < Access-Control-Allow-Methods: GET, POST, DELETE, PUT
1 < Access-Control-Allow-Headers: Content-Type, api_key, Authorization
1 < Server: Jetty(9.2.9.v20150224)
{"code":415,"type":"unknown","message":"com.sun.jersey.api.MessageException: A message body reader for Java class io.swagger.sample.model.Pet, and Java type class io.swagger.sample.model.Pet, and MIME media type application/octet-stream was not found.\nThe registered message body readers compatible with the MIME media type are:\n*/* ->\n  com.sun.jersey.core.impl.provider.entity.FormProvider\n  com.sun.jersey.core.impl.provider.entity.StringProvider\n  com.sun.jersey.core.impl.provider.entity.ByteArrayProvider\n  com.sun.jersey.core.impl.provider.entity.FileProvider\n  com.sun.jersey.core.impl.provider.entity.InputStreamProvider\n  com.sun.jersey.core.impl.provider.entity.DataSourceProvider\n  com.sun.jersey.core.impl.provider.entity.XMLJAXBElementProvider$General\n  com.sun.jersey.core.impl.provider.entity.ReaderProvider\n  com.sun.jersey.core.impl.provider.entity.DocumentProvider\n  com.sun.jersey.core.impl.provider.entity.SourceProvider$StreamSourceReader\n  com.sun.jersey.core.impl.provider.entity.SourceProvider$SAXSourceReader\n  com.sun.jersey.core.impl.provider.entity.SourceProvider$DOMSourceReader\n  com.sun.jersey.json.impl.provider.entity.JSONJAXBElementProvider$General\n  com.sun.jersey.json.impl.provider.entity.JSONArrayProvider$General\n  com.sun.jersey.json.impl.provider.entity.JSONObjectProvider$General\n  com.fasterxml.jackson.jaxrs.json.JacksonJsonProvider\n  com.sun.jersey.core.impl.provider.entity.XMLRootElementProvider$General\n  com.sun.jersey.core.impl.provider.entity.XMLListElementProvider$General\n  com.sun.jersey.core.impl.provider.entity.XMLRootObjectProvider$General\n  com.sun.jersey.core.impl.provider.entity.EntityHolderReader\n  com.sun.jersey.json.impl.provider.entity.JSONRootElementProvider$General\n  com.sun.jersey.json.impl.provider.entity.JSONListElementProvider$General\n  com.sun.jersey.json.impl.provider.entity.JacksonProviderProxy\napplication/octet-stream ->\n  com.sun.jersey.core.impl.provider.entity.ByteArrayProvider\n  com.sun.jersey.core.impl.provider.entity.FileProvider\n  com.sun.jersey.core.impl.provider.entity.InputStreamProvider\n  com.sun.jersey.core.impl.provider.entity.DataSourceProvider\n  com.sun.jersey.core.impl.provider.entity.RenderedImageProvider\n"}

]]></system-out>
  </testcase>
  <testcase name="[3:35] Create a Pet and Updates the Pet" classname="examples/petstore/pet/post/postPet" time="0.801">
    <system-out><![CDATA[09:06:26.567 [main] INFO  com.intuit.karate - karate.env system property was: null 
09:06:26.570 [main] DEBUG com.intuit.karate - request:
1 > POST https://petstore.swagger.io/v2/pet
1 > Content-Type: application/json; charset=UTF-8
1 > Content-Length: 43
1 > Host: petstore.swagger.io
1 > Connection: Keep-Alive
1 > User-Agent: Apache-HttpClient/4.5.13 (Java/11.0.15.1)
1 > Accept-Encoding: gzip,deflate
{"name":"Kitty McGee","status":"available"}

09:06:26.882 [main] DEBUG com.intuit.karate - response time in milliseconds: 311
1 < 200
1 < Date: Thu, 22 Sep 2022 08:06:28 GMT
1 < Content-Type: application/json
1 < Transfer-Encoding: chunked
1 < Connection: keep-alive
1 < Access-Control-Allow-Origin: *
1 < Access-Control-Allow-Methods: GET, POST, DELETE, PUT
1 < Access-Control-Allow-Headers: Content-Type, api_key, Authorization
1 < Server: Jetty(9.2.9.v20150224)
{"id":9222968140497181209,"name":"Kitty McGee","photoUrls":[],"tags":[],"status":"available"}

09:06:27.001 [main] DEBUG com.intuit.karate - request:
2 > POST https://petstore.swagger.io/v2/pet/9222968140497181209
2 > Content-Type: application/x-www-form-urlencoded
2 > Content-Length: 33
2 > Host: petstore.swagger.io
2 > Connection: Keep-Alive
2 > User-Agent: Apache-HttpClient/4.5.13 (Java/11.0.15.1)
2 > Accept-Encoding: gzip,deflate
name=Bobby+Bobby&status=newStatus

09:06:27.361 [main] DEBUG com.intuit.karate - response time in milliseconds: 359
2 < 200
2 < Date: Thu, 22 Sep 2022 08:06:28 GMT
2 < Content-Type: application/json
2 < Transfer-Encoding: chunked
2 < Connection: keep-alive
2 < Access-Control-Allow-Origin: *
2 < Access-Control-Allow-Methods: GET, POST, DELETE, PUT
2 < Access-Control-Allow-Headers: Content-Type, api_key, Authorization
2 < Server: Jetty(9.2.9.v20150224)
{"code":200,"type":"unknown","message":"9222968140497181209"}

]]></system-out>
  </testcase>
  <testcase name="[4:61] Create a Pet and Uploads an image to that Pet" classname="examples/petstore/pet/post/postPet" time="1.256">
    <system-out><![CDATA[09:06:27.368 [main] INFO  com.intuit.karate - karate.env system property was: null 
09:06:27.371 [main] DEBUG com.intuit.karate - request:
1 > POST https://petstore.swagger.io/v2/pet
1 > Content-Type: application/json; charset=UTF-8
1 > Content-Length: 43
1 > Host: petstore.swagger.io
1 > Connection: Keep-Alive
1 > User-Agent: Apache-HttpClient/4.5.13 (Java/11.0.15.1)
1 > Accept-Encoding: gzip,deflate
{"name":"Kitty McGee","status":"available"}

09:06:27.694 [main] DEBUG com.intuit.karate - response time in milliseconds: 322
1 < 200
1 < Date: Thu, 22 Sep 2022 08:06:29 GMT
1 < Content-Type: application/json
1 < Transfer-Encoding: chunked
1 < Connection: keep-alive
1 < Access-Control-Allow-Origin: *
1 < Access-Control-Allow-Methods: GET, POST, DELETE, PUT
1 < Access-Control-Allow-Headers: Content-Type, api_key, Authorization
1 < Server: Jetty(9.2.9.v20150224)
{"id":9222968140497181210,"name":"Kitty McGee","photoUrls":[],"tags":[],"status":"available"}

09:06:27.726 [main] DEBUG c.i.karate.http.MultiPartBuilder - multipart: content-disposition: form-data; name="message"; filename=""
content-type: text/plain; charset=UTF-8
content-length: 6
Completed: true
IsInMemory: true
09:06:27.733 [main] DEBUG com.intuit.karate - request:
2 > POST https://petstore.swagger.io/v2/pet/9222968140497181210/uploadImage
2 > Content-Type: multipart/form-data; boundary=2b704c20730e3676
2 > Content-Length: 188568
2 > Host: petstore.swagger.io
2 > Connection: Keep-Alive
2 > User-Agent: Apache-HttpClient/4.5.13 (Java/11.0.15.1)
2 > Accept-Encoding: gzip,deflate

Mixed: content-disposition: form-data; name="file"; filename="kitty.jpg"
content-type: image/jpeg; charset=UTF-8
content-length: 188232
Completed: true
IsInMemory: false
RealFile: C:\Users\tiago.mina-azevedo\Documents\karateStuff\TestAssignmentSC\target\test-classes\examples\petstore\pet\post\kitty.jpg DeleteAfter: true

content-disposition: form-data; name="message"; filename=""
content-type: text/plain; charset=UTF-8
content-length: 6
Completed: true
IsInMemory: true


09:06:28.501 [main] DEBUG com.intuit.karate - response time in milliseconds: 768
2 < 200
2 < Date: Thu, 22 Sep 2022 08:06:29 GMT
2 < Content-Type: application/json
2 < Transfer-Encoding: chunked
2 < Connection: keep-alive
2 < Access-Control-Allow-Origin: *
2 < Access-Control-Allow-Methods: GET, POST, DELETE, PUT
2 < Access-Control-Allow-Headers: Content-Type, api_key, Authorization
2 < Server: Jetty(9.2.9.v20150224)
{"code":200,"type":"unknown","message":"additionalMetadata: null\nFile uploaded to ./kitty.jpg, 188232 bytes"}

---------------------------------------------------------
feature: classpath:examples/petstore/pet/post/postPet.feature
scenarios:  4 | passed:  4 | failed:  0 | time: 2,7102
---------------------------------------------------------

]]></system-out>
  </testcase>
  <testcase name="[1:7] Create a Pet and Update it using PUT request" classname="examples/petstore/pet/put/putPet" time="0.658">
    <system-out><![CDATA[09:06:28.626 [main] INFO  com.intuit.karate - karate.env system property was: null 
09:06:28.629 [main] DEBUG com.intuit.karate - request:
1 > POST https://petstore.swagger.io/v2/pet
1 > Content-Type: application/json; charset=UTF-8
1 > Content-Length: 43
1 > Host: petstore.swagger.io
1 > Connection: Keep-Alive
1 > User-Agent: Apache-HttpClient/4.5.13 (Java/11.0.15.1)
1 > Accept-Encoding: gzip,deflate
{"name":"Kitty McGee","status":"available"}

09:06:28.935 [main] DEBUG com.intuit.karate - response time in milliseconds: 305
1 < 200
1 < Date: Thu, 22 Sep 2022 08:06:30 GMT
1 < Content-Type: application/json
1 < Transfer-Encoding: chunked
1 < Connection: keep-alive
1 < Access-Control-Allow-Origin: *
1 < Access-Control-Allow-Methods: GET, POST, DELETE, PUT
1 < Access-Control-Allow-Headers: Content-Type, api_key, Authorization
1 < Server: Jetty(9.2.9.v20150224)
{"id":9222968140497181211,"name":"Kitty McGee","photoUrls":[],"tags":[],"status":"available"}

09:06:28.941 [main] DEBUG com.intuit.karate - request:
2 > PUT https://petstore.swagger.io/v2/pet
2 > Content-Type: application/json; charset=UTF-8
2 > Content-Length: 171
2 > Host: petstore.swagger.io
2 > Connection: Keep-Alive
2 > User-Agent: Apache-HttpClient/4.5.13 (Java/11.0.15.1)
2 > Accept-Encoding: gzip,deflate
{"id":9222968140497181211,"category":{"id":0,"name":"string"},"name":"PutTestNewName","photoUrls":["string"],"tags":[{"id":0,"name":"string"}],"status":"newStatusPutTest"}

09:06:29.244 [main] DEBUG com.intuit.karate - response time in milliseconds: 303
2 < 200
2 < Date: Thu, 22 Sep 2022 08:06:30 GMT
2 < Content-Type: application/json
2 < Transfer-Encoding: chunked
2 < Connection: keep-alive
2 < Access-Control-Allow-Origin: *
2 < Access-Control-Allow-Methods: GET, POST, DELETE, PUT
2 < Access-Control-Allow-Headers: Content-Type, api_key, Authorization
2 < Server: Jetty(9.2.9.v20150224)
{"id":9222968140497181211,"category":{"id":0,"name":"string"},"name":"PutTestNewName","photoUrls":["string"],"tags":[{"id":0,"name":"string"}],"status":"newStatusPutTest"}

---------------------------------------------------------
feature: classpath:examples/petstore/pet/put/putPet.feature
scenarios:  1 | passed:  1 | failed:  0 | time: 0,6183
---------------------------------------------------------

]]></system-out>
  </testcase>
  <testcase name="[1:6] Create a Pet, Create an Order for that Pet, and Delete an existing Order Id." classname="examples/petstore/store/delete/deleteStore" time="1.718">
    <system-out><![CDATA[09:06:29.287 [main] INFO  com.intuit.karate - karate.env system property was: null 
09:06:29.291 [main] DEBUG com.intuit.karate - request:
1 > POST https://petstore.swagger.io/v2/pet
1 > Content-Type: application/json; charset=UTF-8
1 > Content-Length: 43
1 > Host: petstore.swagger.io
1 > Connection: Keep-Alive
1 > User-Agent: Apache-HttpClient/4.5.13 (Java/11.0.15.1)
1 > Accept-Encoding: gzip,deflate
{"name":"Kitty McGee","status":"available"}

09:06:30.258 [main] DEBUG com.intuit.karate - response time in milliseconds: 967
1 < 200
1 < Date: Thu, 22 Sep 2022 08:06:31 GMT
1 < Content-Type: application/json
1 < Transfer-Encoding: chunked
1 < Connection: keep-alive
1 < Access-Control-Allow-Origin: *
1 < Access-Control-Allow-Methods: GET, POST, DELETE, PUT
1 < Access-Control-Allow-Headers: Content-Type, api_key, Authorization
1 < Server: Jetty(9.2.9.v20150224)
{"id":9222968140497181212,"name":"Kitty McGee","photoUrls":[],"tags":[],"status":"available"}

09:06:30.267 [main] DEBUG com.intuit.karate - request:
2 > POST https://petstore.swagger.io/v2/store/order
2 > Content-Type: application/json; charset=UTF-8
2 > Content-Length: 58
2 > Host: petstore.swagger.io
2 > Connection: Keep-Alive
2 > User-Agent: Apache-HttpClient/4.5.13 (Java/11.0.15.1)
2 > Accept-Encoding: gzip,deflate
{"petId":9222968140497181212,"quantity":1,"complete":true}

09:06:30.629 [main] DEBUG com.intuit.karate - response time in milliseconds: 362
2 < 200
2 < Date: Thu, 22 Sep 2022 08:06:32 GMT
2 < Content-Type: application/json
2 < Transfer-Encoding: chunked
2 < Connection: keep-alive
2 < Access-Control-Allow-Origin: *
2 < Access-Control-Allow-Methods: GET, POST, DELETE, PUT
2 < Access-Control-Allow-Headers: Content-Type, api_key, Authorization
2 < Server: Jetty(9.2.9.v20150224)
{"id":3451172049094470786,"petId":9222968140497181212,"quantity":1,"complete":true}

09:06:30.634 [main] DEBUG com.intuit.karate - request:
3 > DELETE https://petstore.swagger.io/v2/store/order/3451172049094470786
3 > Host: petstore.swagger.io
3 > Connection: Keep-Alive
3 > User-Agent: Apache-HttpClient/4.5.13 (Java/11.0.15.1)
3 > Accept-Encoding: gzip,deflate


09:06:30.954 [main] DEBUG com.intuit.karate - response time in milliseconds: 320
3 < 200
[...]
   "id": "4DC41A28D145A5AC0D2CE672F917B0A3",
   "title": "",
   "type": "page",
   "url": "chrome://welcome/?variant=everywhere",
   "webSocketDebuggerUrl": "ws://localhost:64811/devtools/page/4DC41A28D145A5AC0D2CE672F917B0A3"
} ]


09:09:00.861 [main] DEBUG c.i.k.driver.chrome_1663834138811 - root frame id: 4DC41A28D145A5AC0D2CE672F917B0A3
09:09:00.893 [nioEventLoopGroup-12-1] DEBUG c.i.k.http.WebSocketClientHandler - websocket client connected
09:09:00.893 [main] DEBUG c.i.k.driver.chrome_1663834138811 - >> {"id":1,"method":"Target.attachToTarget","params":{"targetId":"4DC41A28D145A5AC0D2CE672F917B0A3","flatten":true}}
09:09:00.896 [nioEventLoopGroup-12-1] DEBUG c.i.k.driver.chrome_1663834138811 - << {"method":"Target.attachedToTarget","params":{"sessionId":"07A74A02CF9ECB22B845D7A0BCE04993","targetInfo":{"targetId":"4DC41A28D145A5AC0D2CE672F917B0A3","type":"page","title":"","url":"chrome://welcome/?variant=everywhere","attached":true,"canAccessOpener":false,"browserContextId":"16389AB8BFA060B59301F5DEDE88B9DF"},"waitingForDebugger":false}}
09:09:00.896 [nioEventLoopGroup-12-1] DEBUG c.i.k.driver.chrome_1663834138811 - << {"id":1,"result":{"sessionId":"07A74A02CF9ECB22B845D7A0BCE04993"}}
09:09:00.896 [main] DEBUG c.i.k.driver.chrome_1663834138811 - >> {"id":2,"sessionId":"07A74A02CF9ECB22B845D7A0BCE04993","method":"Target.activateTarget","params":{"targetId":"4DC41A28D145A5AC0D2CE672F917B0A3"}}
09:09:00.898 [nioEventLoopGroup-12-1] DEBUG c.i.k.driver.chrome_1663834138811 - << {"id":2,"result":{},"sessionId":"07A74A02CF9ECB22B845D7A0BCE04993"}
09:09:00.899 [main] DEBUG c.i.k.driver.chrome_1663834138811 - >> {"id":3,"sessionId":"07A74A02CF9ECB22B845D7A0BCE04993","method":"Target.setDiscoverTargets","params":{"discover":true}}
09:09:00.900 [nioEventLoopGroup-12-1] DEBUG c.i.k.driver.chrome_1663834138811 - << {"method":"Target.targetCreated","params":{"targetInfo":{"targetId":"021C0AD2A49D8A83D884968BF0AE9D3E","type":"background_page","title":"Google Hangouts","url":"chrome-extension://nkeimhogjdpnpccoofpliimaahmaaome/background.html","attached":false,"canAccessOpener":false,"browserContextId":"16389AB8BFA060B59301F5DEDE88B9DF"}},"sessionId":"07A74A02CF9ECB22B845D7A0BCE04993"}
09:09:00.900 [nioEventLoopGroup-12-1] DEBUG c.i.k.driver.chrome_1663834138811 - << {"method":"Target.targetCreated","params":{"targetInfo":{"targetId":"4DC41A28D145A5AC0D2CE672F917B0A3","type":"page","title":"","url":"chrome://welcome/?variant=everywhere","attached":true,"canAccessOpener":false,"browserContextId":"16389AB8BFA060B59301F5DEDE88B9DF"}},"sessionId":"07A74A02CF9ECB22B845D7A0BCE04993"}
09:09:00.900 [nioEventLoopGroup-12-1] DEBUG c.i.k.driver.chrome_1663834138811 - << {"method":"Target.targetCreated","params":{"targetInfo":{"targetId":"9257B894C9C8989E06E239D780BC8F93","type":"background_page","title":"Google Network Speech","url":"chrome-extension://neajdppkdcdipfabeoofebfddakdcjhd/_generated_background_page.html","attached":false,"canAccessOpener":false,"browserContextId":"16389AB8BFA060B59301F5DEDE88B9DF"}},"sessionId":"07A74A02CF9ECB22B845D7A0BCE04993"}
09:09:00.900 [nioEventLoopGroup-12-1] DEBUG c.i.k.driver.chrome_1663834138811 - << {"method":"Target.targetCreated","params":{"targetInfo":{"targetId":"9FB6E0AE3573F5BD36DC087191A7D82D","type":"background_page","title":"CryptoTokenExtension","url":"chrome-extension://kmendfapggjehodndflmmgagdbamhnfd/_generated_background_page.html","attached":false,"canAccessOpener":false,"browserContextId":"16389AB8BFA060B59301F5DEDE88B9DF"}},"sessionId":"07A74A02CF9ECB22B845D7A0BCE04993"}
09:09:00.900 [nioEventLoopGroup-12-1] DEBUG c.i.k.driver.chrome_1663834138811 - << {"id":3,"result":{},"sessionId":"07A74A02CF9ECB22B845D7A0BCE04993"}
09:09:00.900 [main] DEBUG c.i.k.driver.chrome_1663834138811 - >> {"id":4,"sessionId":"07A74A02CF9ECB22B845D7A0BCE04993","method":"Page.enable"}
09:09:02.605 [nioEventLoopGroup-12-1] DEBUG c.i.k.driver.chrome_1663834138811 - << {"method":"Target.targetInfoChanged","params":{"targetInfo":{"targetId":"4DC41A28D145A5AC0D2CE672F917B0A3","type":"page","title":"chrome://welcome/?variant=everywhere","url":"chrome://welcome/?variant=everywhere","attached":true,"canAccessOpener":false,"browserContextId":"16389AB8BFA060B59301F5DEDE88B9DF"}},"sessionId":"07A74A02CF9ECB22B845D7A0BCE04993"}
09:09:02.609 [nioEventLoopGroup-12-1] DEBUG c.i.k.driver.chrome_1663834138811 - << {"id":4,"result":{},"sessionId":"07A74A02CF9ECB22B845D7A0BCE04993"}
09:09:02.609 [main] DEBUG c.i.k.driver.chrome_1663834138811 - >> {"id":5,"sessionId":"07A74A02CF9ECB22B845D7A0BCE04993","method":"Runtime.enable"}
09:09:02.630 [nioEventLoopGroup-12-1] DEBUG c.i.k.driver.chrome_1663834138811 - << {"method":"Target.targetInfoChanged","params":{"targetInfo":{"targetId":"021C0AD2A49D8A83D884968BF0AE9D3E","type":"background_page","title":"Google Hangouts","url":"chrome-extension://nkeimhogjdpnpccoofpliimaahmaaome/background.html","attached":false,"canAccessOpener":false,"browserContextId":"16389AB8BFA060B59301F5DEDE88B9DF"}},"sessionId":"07A74A02CF9ECB22B845D7A0BCE04993"}
09:09:02.697 [nioEventLoopGroup-12-1] DEBUG c.i.k.driver.chrome_1663834138811 - << {"method":"Target.targetInfoChanged","params":{"targetInfo":{"targetId":"9257B894C9C8989E06E239D780BC8F93","type":"background_page","title":"Google Network Speech","url":"chrome-extension://neajdppkdcdipfabeoofebfddakdcjhd/_generated_background_page.html","attached":false,"canAccessOpener":false,"browserContextId":"16389AB8BFA060B59301F5DEDE88B9DF"}},"sessionId":"07A74A02CF9ECB22B845D7A0BCE04993"}
09:09:02.745 [nioEventLoopGroup-12-1] DEBUG c.i.k.driver.chrome_1663834138811 - << {"method":"Target.targetInfoChanged","params":{"targetInfo":{"targetId":"9FB6E0AE3573F5BD36DC087191A7D82D","type":"background_page","title":"CryptoTokenExtension","url":"chrome-extension://kmendfapggjehodndflmmgagdbamhnfd/_generated_background_page.html","attached":false,"canAccessOpener":false,"browserContextId":"16389AB8BFA060B59301F5DEDE88B9DF"}},"sessionId":"07A74A02CF9ECB22B845D7A0BCE04993"}
09:09:03.468 [nioEventLoopGroup-12-1] DEBUG c.i.k.driver.chrome_1663834138811 - << {"method":"Runtime.executionContextCreated","params":{"context":{"id":1,"origin":"chrome://welcome","name":"","uniqueId":"-4377157729745780183.-72358000418113383","auxData":{"isDefault":true,"type":"default","frameId":"4DC41A28D145A5AC0D2CE672F917B0A3"}}},"sessionId":"07A74A02CF9ECB22B845D7A0BCE04993"}
09:09:03.468 [nioEventLoopGroup-12-1] DEBUG c.i.k.driver.chrome_1663834138811 - << {"id":5,"result":{},"sessionId":"07A74A02CF9ECB22B845D7A0BCE04993"}
09:09:03.469 [main] DEBUG c.i.k.driver.chrome_1663834138811 - >> {"id":6,"sessionId":"07A74A02CF9ECB22B845D7A0BCE04993","method":"Browser.getWindowForTarget","params":{"targetId":"4DC41A28D145A5AC0D2CE672F917B0A3"}}
09:09:03.470 [nioEventLoopGroup-12-1] DEBUG c.i.k.driver.chrome_1663834138811 - << {"id":6,"result":{"windowId":913797399,"bounds":{"left":10,"top":10,"width":945,"height":1020,"windowState":"normal"}},"sessionId":"07A74A02CF9ECB22B845D7A0BCE04993"}
09:09:03.474 [main] DEBUG c.i.k.driver.chrome_1663834138811 - >> {"id":7,"sessionId":"07A74A02CF9ECB22B845D7A0BCE04993","method":"Page.navigate","params":{"url":"http:\/\/www.uitestingplayground.com\/home"}}
09:09:03.607 [nioEventLoopGroup-12-1] DEBUG c.i.k.driver.chrome_1663834138811 - << {"method":"Target.targetInfoChanged","params":{"targetInfo":{"targetId":"4DC41A28D145A5AC0D2CE672F917B0A3","type":"page","title":"Bem-vindo ao Chrome","url":"http://www.uitestingplayground.com/home","attached":true,"canAccessOpener":false,"browserContextId":"16389AB8BFA060B59301F5DEDE88B9DF"}},"sessionId":"07A74A02CF9ECB22B845D7A0BCE04993"}
09:09:03.636 [nioEventLoopGroup-12-1] DEBUG c.i.k.driver.chrome_1663834138811 - << {"method":"Page.navigatedWithinDocument","params":{"frameId":"4DC41A28D145A5AC0D2CE672F917B0A3","url":"chrome://welcome/"},"sessionId":"07A74A02CF9ECB22B845D7A0BCE04993"}
09:09:03.637 [nioEventLoopGroup-12-1] DEBUG c.i.k.driver.chrome_1663834138811 - << {"method":"Page.domContentEventFired","params":{"timestamp":1073.382597},"sessionId":"07A74A02CF9ECB22B845D7A0BCE04993"}
09:09:03.637 [main] DEBUG c.i.k.driver.chrome_1663834138811 - >> {"id":8,"sessionId":"07A74A02CF9ECB22B845D7A0BCE04993","method":"Runtime.evaluate","params":{"expression":"document.evaluate(\"\/\/a[normalize-space(text())='Scrollbars']\", document, null, 9, null).singleNodeValue.click()","returnByValue":true}}
09:09:03.655 [nioEventLoopGroup-12-1] DEBUG c.i.k.driver.chrome_1663834138811 - << {"id":7,"result":{"frameId":"4DC41A28D145A5AC0D2CE672F917B0A3","loaderId":"A6A7061A6421B30AC045A7E4EEA03E20"},"sessionId":"07A74A02CF9ECB22B845D7A0BCE04993"}
09:09:03.722 [nioEventLoopGroup-12-1] DEBUG c.i.k.driver.chrome_1663834138811 - << {"method":"Runtime.executionContextsCleared","params":{},"sessionId":"07A74A02CF9ECB22B845D7A0BCE04993"}
09:09:03.723 [nioEventLoopGroup-12-1] DEBUG c.i.k.driver.chrome_1663834138811 - << {"method":"Page.frameStartedLoading","params":{"frameId":"4DC41A28D145A5AC0D2CE672F917B0A3"},"sessionId":"07A74A02CF9ECB22B845D7A0BCE04993"}
09:09:03.735 [nioEventLoopGroup-12-1] DEBUG c.i.k.driver.chrome_1663834138811 - << {"method":"Target.targetInfoChanged","params":{"targetInfo":{"targetId":"4DC41A28D145A5AC0D2CE672F917B0A3","type":"page","title":"www.uitestingplayground.com/home","url":"http://www.uitestingplayground.com/home","attached":true,"canAccessOpener":false,"browserContextId":"16389AB8BFA060B59301F5DEDE88B9DF"}},"sessionId":"07A74A02CF9ECB22B845D7A0BCE04993"}
09:09:03.739 [nioEventLoopGroup-12-1] DEBUG c.i.k.driver.chrome_1663834138811 - << {"method":"Runtime.executionContextsCleared","params":{},"sessionId":"07A74A02CF9ECB22B845D7A0BCE04993"}
09:09:03.739 [nioEventLoopGroup-12-1] DEBUG c.i.k.driver.chrome_1663834138811 - << {"method":"Page.frameNavigated","params":{"frame":{"id":"4DC41A28D145A5AC0D2CE672F917B0A3","loaderId":"A6A7061A6421B30AC045A7E4EEA03E20","url":"http://www.uitestingplayground.com/home","domainAndRegistry":"uitestingplayground.com","securityOrigin":"http://www.uitestingplayground.com","mimeType":"text/html","adFrameStatus":{"adFrameType":"none"},"secureContextType":"InsecureScheme","crossOriginIsolatedContextType":"NotIsolated","gatedAPIFeatures":[]},"type":"Navigation"},"sessionId":"07A74A02CF9ECB22B845D7A0BCE04993"}
09:09:03.740 [nioEventLoopGroup-12-1] DEBUG c.i.k.driver.chrome_1663834138811 - << {"method":"Runtime.executionContextCreated","params":{"context":{"id":1,"origin":"http://www.uitestingplayground.com","name":"","uniqueId":"2868533875365410149.-7250046858363312731","auxData":{"isDefault":true,"type":"default","frameId":"4DC41A28D145A5AC0D2CE672F917B0A3"}}},"sessionId":"07A74A02CF9ECB22B845D7A0BCE04993"}
09:09:03.749 [nioEventLoopGroup-12-1] DEBUG c.i.k.driver.chrome_1663834138811 - << {"method":"Page.frameScheduledNavigation","params":{"frameId":"4DC41A28D145A5AC0D2CE672F917B0A3","delay":0,"reason":"anchorClick","url":"http://www.uitestingplayground.com/scrollbars"},"sessionId":"07A74A02CF9ECB22B845D7A0BCE04993"}
09:09:03.750 [nioEventLoopGroup-12-1] DEBUG c.i.k.driver.chrome_1663834138811 - << {"method":"Page.frameRequestedNavigation","params":{"frameId":"4DC41A28D145A5AC0D2CE672F917B0A3","reason":"anchorClick","url":"http://www.uitestingplayground.com/scrollbars","disposition":"currentTab"},"sessionId":"07A74A02CF9ECB22B845D7A0BCE04993"}
09:09:03.758 [nioEventLoopGroup-12-1] DEBUG c.i.k.driver.chrome_1663834138811 - << {"method":"Page.frameClearedScheduledNavigation","params":{"frameId":"4DC41A28D145A5AC0D2CE672F917B0A3"},"sessionId":"07A74A02CF9ECB22B845D7A0BCE04993"}
09:09:03.759 [nioEventLoopGroup-12-1] DEBUG c.i.k.driver.chrome_1663834138811 - << {"id":8,"result":{"result":{"type":"undefined"}},"sessionId":"07A74A02CF9ECB22B845D7A0BCE04993"}
09:09:04.120 [nioEventLoopGroup-12-1] DEBUG c.i.k.driver.chrome_1663834138811 - << {"method":"Runtime.executionContextsCleared","params":{},"sessionId":"07A74A02CF9ECB22B845D7A0BCE04993"}
09:09:04.120 [nioEventLoopGroup-12-1] DEBUG c.i.k.driver.chrome_1663834138811 - << {"method":"Page.frameStartedLoading","params":{"frameId":"4DC41A28D145A5AC0D2CE672F917B0A3"},"sessionId":"07A74A02CF9ECB22B845D7A0BCE04993"}
09:09:04.129 [nioEventLoopGroup-12-1] DEBUG c.i.k.driver.chrome_1663834138811 - << {"method":"Target.targetInfoChanged","params":{"targetInfo":{"targetId":"4DC41A28D145A5AC0D2CE672F917B0A3","type":"page","title":"www.uitestingplayground.com/scrollbars","url":"http://www.uitestingplayground.com/scrollbars","attached":true,"canAccessOpener":false,"browserContextId":"16389AB8BFA060B59301F5DEDE88B9DF"}},"sessionId":"07A74A02CF9ECB22B845D7A0BCE04993"}
09:09:04.133 [nioEventLoopGroup-12-1] DEBUG c.i.k.driver.chrome_1663834138811 - << {"method":"Runtime.executionContextsCleared","params":{},"sessionId":"07A74A02CF9ECB22B845D7A0BCE04993"}
09:09:04.133 [nioEventLoopGroup-12-1] DEBUG c.i.k.driver.chrome_1663834138811 - << {"method":"Page.frameNavigated","params":{"frame":{"id":"4DC41A28D145A5AC0D2CE672F917B0A3","loaderId":"2C903870A435F39C326E3DE03BBCE316","url":"http://www.uitestingplayground.com/scrollbars","domainAndRegistry":"uitestingplayground.com","securityOrigin":"http://www.uitestingplayground.com","mimeType":"text/html","adFrameStatus":{"adFrameType":"none"},"secureContextType":"InsecureScheme","crossOriginIsolatedContextType":"NotIsolated","gatedAPIFeatures":[]},"type":"Navigation"},"sessionId":"07A74A02CF9ECB22B845D7A0BCE04993"}
09:09:04.133 [nioEventLoopGroup-12-1] DEBUG c.i.k.driver.chrome_1663834138811 - << {"method":"Runtime.executionContextCreated","params":{"context":{"id":2,"origin":"http://www.uitestingplayground.com","name":"","uniqueId":"-3714114571489763183.1252965956057049841","auxData":{"isDefault":true,"type":"default","frameId":"4DC41A28D145A5AC0D2CE672F917B0A3"}}},"sessionId":"07A74A02CF9ECB22B845D7A0BCE04993"}
09:09:04.279 [nioEventLoopGroup-12-1] DEBUG c.i.k.driver.chrome_1663834138811 - << {"method":"Page.domContentEventFired","params":{"timestamp":1074.025084},"sessionId":"07A74A02CF9ECB22B845D7A0BCE04993"}
09:09:04.372 [nioEventLoopGroup-12-1] DEBUG c.i.k.driver.chrome_1663834138811 - << {"method":"Page.loadEventFired","params":{"timestamp":1074.117495},"sessionId":"07A74A02CF9ECB22B845D7A0BCE04993"}
09:09:04.372 [nioEventLoopGroup-12-1] DEBUG c.i.k.driver.chrome_1663834138811 - << {"method":"Page.frameStoppedLoading","params":{"frameId":"4DC41A28D145A5AC0D2CE672F917B0A3"},"sessionId":"07A74A02CF9ECB22B845D7A0BCE04993"}
09:09:04.702 [chrome_1663834138811-out] DEBUG c.i.k.driver.chrome_1663834138811 - [7596:18092:0922/090904.702:ERROR:device_event_log_impl.cc(214)] [09:09:04.702] USB: usb_device_handle_win.cc:1048 Failed to read descriptor from node connection: Um dispositivo ligado ao sistema não está a funcionar. (0x1F)
09:09:04.702 [chrome_1663834138811-out] DEBUG c.i.k.driver.chrome_1663834138811 - [7596:18092:0922/090904.702:ERROR:device_event_log_impl.cc(214)] [09:09:04.702] USB: usb_device_handle_win.cc:1048 Failed to read descriptor from node connection: Um dispositivo ligado ao sistema não está a funcionar. (0x1F)
09:09:04.702 [chrome_1663834138811-out] DEBUG c.i.k.driver.chrome_1663834138811 - [7596:18092:0922/090904.702:ERROR:device_event_log_impl.cc(214)] [09:09:04.702] USB: usb_device_handle_win.cc:1048 Failed to read descriptor from node connection: Um dispositivo ligado ao sistema não está a funcionar. (0x1F)
09:09:05.780 [main] DEBUG c.i.k.driver.chrome_1663834138811 - >> {"id":9,"sessionId":"07A74A02CF9ECB22B845D7A0BCE04993","method":"Runtime.evaluate","params":{"expression":"document.evaluate(\"\/\/div[contains(@style,'scroll')]\", document, null, 9, null).singleNodeValue.click()","returnByValue":true}}
09:09:05.787 [nioEventLoopGroup-12-1] DEBUG c.i.k.driver.chrome_1663834138811 - << {"id":9,"result":{"result":{"type":"undefined"}},"sessionId":"07A74A02CF9ECB22B845D7A0BCE04993"}
09:09:07.803 [main] DEBUG c.i.k.driver.chrome_1663834138811 - >> {"id":10,"sessionId":"07A74A02CF9ECB22B845D7A0BCE04993","method":"Runtime.evaluate","params":{"expression":"(function(){ var fun = function(e){ var d = window.getComputedStyle(e).display; while(d == 'none'){ e = e.parentElement; d = window.getComputedStyle(e).display } e.scrollIntoView({block: 'center'}) }; var e = document.evaluate(\"\/\/button[contains(text(),'Hiding Button')]\", document, null, 9, null).singleNodeValue; return fun(e) })()","returnByValue":true}}
09:09:07.805 [nioEventLoopGroup-12-1] DEBUG c.i.k.driver.chrome_1663834138811 - << {"id":10,"result":{"result":{"type":"undefined"}},"sessionId":"07A74A02CF9ECB22B845D7A0BCE04993"}
09:09:08.819 [main] DEBUG c.i.k.driver.chrome_1663834138811 - >> {"id":11,"sessionId":"07A74A02CF9ECB22B845D7A0BCE04993","method":"Runtime.evaluate","params":{"expression":"(function(){ var r = document.evaluate(\"\/\/button[contains(text(),'Hiding Button')]\", document, null, 9, null).singleNodeValue.getBoundingClientRect(); var dx = window.scrollX; var dy = window.scrollY; return { x: r.x + dx, y: r.y + dy, width: r.width + dx, height: r.height + dy } })()","returnByValue":true}}
09:09:08.822 [nioEventLoopGroup-12-1] DEBUG c.i.k.driver.chrome_1663834138811 - << {"id":11,"result":{"result":{"type":"object","value":{"x":277.5,"y":420.1875,"width":124.890625,"height":38}}},"sessionId":"07A74A02CF9ECB22B845D7A0BCE04993"}
09:09:08.822 [main] DEBUG c.i.k.driver.chrome_1663834138811 - >> {"id":12,"sessionId":"07A74A02CF9ECB22B845D7A0BCE04993","method":"Input.dispatchMouseEvent","params":{"type":"mouseMoved","x":339,"y":439}}
09:09:08.824 [nioEventLoopGroup-12-1] DEBUG c.i.k.driver.chrome_1663834138811 - << {"id":12,"result":{},"sessionId":"07A74A02CF9ECB22B845D7A0BCE04993"}
09:09:08.825 [main] DEBUG c.i.k.driver.chrome_1663834138811 - >> {"id":13,"sessionId":"07A74A02CF9ECB22B845D7A0BCE04993","method":"Input.dispatchMouseEvent","params":{"type":"mousePressed","x":339,"y":439,"button":"left","clickCount":1}}
09:09:08.831 [nioEventLoopGroup-12-1] DEBUG c.i.k.driver.chrome_1663834138811 - << {"id":13,"result":{},"sessionId":"07A74A02CF9ECB22B845D7A0BCE04993"}
09:09:08.832 [main] DEBUG c.i.k.driver.chrome_1663834138811 - >> {"id":14,"sessionId":"07A74A02CF9ECB22B845D7A0BCE04993","method":"Input.dispatchMouseEvent","params":{"type":"mouseReleased","x":339,"y":439,"button":"left","clickCount":1}}
09:09:08.836 [nioEventLoopGroup-12-1] DEBUG c.i.k.driver.chrome_1663834138811 - << {"id":14,"result":{},"sessionId":"07A74A02CF9ECB22B845D7A0BCE04993"}
09:09:10.843 [main] DEBUG c.i.k.driver.chrome_1663834138811 - >> {"id":15,"sessionId":"07A74A02CF9ECB22B845D7A0BCE04993","method":"Target.closeTarget","params":{"targetId":"4DC41A28D145A5AC0D2CE672F917B0A3"}}
09:09:10.844 [nioEventLoopGroup-12-1] DEBUG c.i.k.driver.chrome_1663834138811 - << {"id":15,"result":{"success":true},"sessionId":"07A74A02CF9ECB22B845D7A0BCE04993"}
09:09:10.844 [nioEventLoopGroup-12-1] DEBUG c.i.k.http.WebSocketClientHandler - websocket client disconnected
09:09:10.846 [main] DEBUG com.intuit.karate.shell.Command - closing command: chrome_1663834138811
---------------------------------------------------------
feature: classpath:examples/ui_playground/Feature9_Scrollbars.feature
scenarios:  1 | passed:  1 | failed:  0 | time: 12,0362
---------------------------------------------------------

Karate version: 1.2.0
======================================================
elapsed: 170,76 | threads:    1 | thread time: 167,35 
features:    23 | skipped:    0 | efficiency: 0,98
scenarios:   31 | passed:    31 | failed: 0
======================================================

HTML report: (paste into browser to view) | Karate version: 1.2.0
file:///C:/Users/tiago.mina-azevedo/Documents/karateStuff/TestAssignmentSC/target/karate-reports/karate-summary.html
===================================================================

]]></system-out>
  </testcase>
</testsuite>