<?xml version="1.0" encoding="UTF-8"?>
<testsuite xmlns:xsi="http://www.w3.org/2001/XMLSchema-instance" xsi:noNamespaceSchemaLocation="https://maven.apache.org/surefire/maven-surefire-plugin/xsd/surefire-test-report.xsd" name="examples.runners.FeaturesRunner" time="149.705" tests="29" errors="0" skipped="0" failures="6">
  <properties>
[...]
</properties>
  <testcase name="testTags[1][1]" classname="examples.runners.FeaturesRunner" time="4.435"/>
  <testcase name="testTags[2][1]" classname="examples.runners.FeaturesRunner" time="1.83"/>
  <testcase name="testTags[3][1]" classname="examples.runners.FeaturesRunner" time="1.082"/>
  <testcase name="testTags[3][2]" classname="examples.runners.FeaturesRunner" time="1.182"/>
  <testcase name="testTags[4][1]" classname="examples.runners.FeaturesRunner" time="0.291"/>
  <testcase name="testTags[4][2]" classname="examples.runners.FeaturesRunner" time="0.762">
    <failure message="status code was: 404, expected: 200, response time in milliseconds: 507, url: https://petstore.swagger.io/v2/pet/9223372016900020566, response: &#10;{&quot;code&quot;:404,&quot;type&quot;:&quot;unknown&quot;,&quot;message&quot;:&quot;not found&quot;}&#10;classpath:examples/petstore/pet/post/postPet.feature:37" type="org.opentest4j.AssertionFailedError">org.opentest4j.AssertionFailedError: 
status code was: 404, expected: 200, response time in milliseconds: 507, url: https://petstore.swagger.io/v2/pet/9223372016900020566, response: 
{"code":404,"type":"unknown","message":"not found"}
classpath:examples/petstore/pet/post/postPet.feature:37
</failure>
    <system-out><![CDATA[15:33:38.770 [main] INFO  com.intuit.karate - karate.env system property was: null 
15:33:39.001 [main] DEBUG com.intuit.karate - request:
1 > POST https://petstore.swagger.io/v2/pet/9223372016900020566
1 > Content-Type: application/x-www-form-urlencoded
1 > Content-Length: 26
1 > Host: petstore.swagger.io
1 > Connection: Keep-Alive
1 > User-Agent: Apache-HttpClient/4.5.13 (Java/11.0.15.1)
1 > Accept-Encoding: gzip,deflate
name=Test&status=newStatus

15:33:39.509 [main] DEBUG com.intuit.karate - response time in milliseconds: 507
1 < 404
1 < Date: Tue, 20 Sep 2022 14:33:39 GMT
1 < Content-Type: application/json
1 < Transfer-Encoding: chunked
1 < Connection: keep-alive
1 < Access-Control-Allow-Origin: *
1 < Access-Control-Allow-Methods: GET, POST, DELETE, PUT
1 < Access-Control-Allow-Headers: Content-Type, api_key, Authorization
1 < Server: Jetty(9.2.9.v20150224)
{"code":404,"type":"unknown","message":"not found"}

15:33:39.510 [main] ERROR com.intuit.karate - classpath:examples/petstore/pet/post/postPet.feature:37
Then status 200
status code was: 404, expected: 200, response time in milliseconds: 507, url: https://petstore.swagger.io/v2/pet/9223372016900020566, response: 
{"code":404,"type":"unknown","message":"not found"}
classpath:examples/petstore/pet/post/postPet.feature:37
]]></system-out>
  </testcase>
  <testcase name="testTags[4][3]" classname="examples.runners.FeaturesRunner" time="1.108"/>
  <testcase name="testTags[5][1]" classname="examples.runners.FeaturesRunner" time="0.571"/>
  <testcase name="testTags[6][1]" classname="examples.runners.FeaturesRunner" time="0.528">
    <failure message="status code was: 404, expected: 200, response time in milliseconds: 480, url: https://petstore.swagger.io/v2/store/order/2209180275, response: &#10;{&quot;code&quot;:404,&quot;type&quot;:&quot;unknown&quot;,&quot;message&quot;:&quot;Order Not Found&quot;}&#10;classpath:examples/petstore/store/delete/deleteStore.feature:12" type="org.opentest4j.AssertionFailedError">org.opentest4j.AssertionFailedError: 
status code was: 404, expected: 200, response time in milliseconds: 480, url: https://petstore.swagger.io/v2/store/order/2209180275, response: 
{"code":404,"type":"unknown","message":"Order Not Found"}
classpath:examples/petstore/store/delete/deleteStore.feature:12
</failure>
    <system-out><![CDATA[15:33:41.210 [main] INFO  com.intuit.karate - karate.env system property was: null 
15:33:41.214 [main] DEBUG com.intuit.karate - request:
1 > DELETE https://petstore.swagger.io/v2/store/order/2209180275
1 > Host: petstore.swagger.io
1 > Connection: Keep-Alive
1 > User-Agent: Apache-HttpClient/4.5.13 (Java/11.0.15.1)
1 > Accept-Encoding: gzip,deflate


15:33:41.694 [main] DEBUG com.intuit.karate - response time in milliseconds: 480
1 < 404
1 < Date: Tue, 20 Sep 2022 14:33:41 GMT
1 < Content-Type: application/json
1 < Transfer-Encoding: chunked
1 < Connection: keep-alive
1 < Access-Control-Allow-Origin: *
1 < Access-Control-Allow-Methods: GET, POST, DELETE, PUT
1 < Access-Control-Allow-Headers: Content-Type, api_key, Authorization
1 < Server: Jetty(9.2.9.v20150224)
{"code":404,"type":"unknown","message":"Order Not Found"}

15:33:41.696 [main] ERROR com.intuit.karate - classpath:examples/petstore/store/delete/deleteStore.feature:12
Then status 200
status code was: 404, expected: 200, response time in milliseconds: 480, url: https://petstore.swagger.io/v2/store/order/2209180275, response: 
{"code":404,"type":"unknown","message":"Order Not Found"}
classpath:examples/petstore/store/delete/deleteStore.feature:12
---------------------------------------------------------
feature: classpath:examples/petstore/store/delete/deleteStore.feature
scenarios:  1 | passed:  0 | failed:  1 | time: 0,4836
---------------------------------------------------------

]]></system-out>
  </testcase>
  <testcase name="testTags[7][1]" classname="examples.runners.FeaturesRunner" time="0.492">
    <failure message="status code was: 404, expected: 200, response time in milliseconds: 482, url: https://petstore.swagger.io/v2/store/order/2209180269, response: &#10;{&quot;code&quot;:1,&quot;type&quot;:&quot;error&quot;,&quot;message&quot;:&quot;Order not found&quot;}&#10;classpath:examples/petstore/store/get/getStore.feature:14" type="org.opentest4j.AssertionFailedError">org.opentest4j.AssertionFailedError: 
status code was: 404, expected: 200, response time in milliseconds: 482, url: https://petstore.swagger.io/v2/store/order/2209180269, response: 
{"code":1,"type":"error","message":"Order not found"}
classpath:examples/petstore/store/get/getStore.feature:14
</failure>
    <system-out><![CDATA[15:33:41.739 [main] INFO  com.intuit.karate - karate.env system property was: null 
15:33:41.741 [main] DEBUG com.intuit.karate - request:
1 > GET https://petstore.swagger.io/v2/store/order/2209180269
1 > Host: petstore.swagger.io
1 > Connection: Keep-Alive
1 > User-Agent: Apache-HttpClient/4.5.13 (Java/11.0.15.1)
1 > Accept-Encoding: gzip,deflate


15:33:42.224 [main] DEBUG com.intuit.karate - response time in milliseconds: 482
1 < 404
1 < Date: Tue, 20 Sep 2022 14:33:42 GMT
1 < Content-Type: application/json
1 < Transfer-Encoding: chunked
1 < Connection: keep-alive
1 < Access-Control-Allow-Origin: *
1 < Access-Control-Allow-Methods: GET, POST, DELETE, PUT
1 < Access-Control-Allow-Headers: Content-Type, api_key, Authorization
1 < Server: Jetty(9.2.9.v20150224)
{"code":1,"type":"error","message":"Order not found"}

15:33:42.226 [main] ERROR com.intuit.karate - classpath:examples/petstore/store/get/getStore.feature:14
Then status 200
status code was: 404, expected: 200, response time in milliseconds: 482, url: https://petstore.swagger.io/v2/store/order/2209180269, response: 
{"code":1,"type":"error","message":"Order not found"}
classpath:examples/petstore/store/get/getStore.feature:14
]]></system-out>
  </testcase>
  <testcase name="testTags[7][2]" classname="examples.runners.FeaturesRunner" time="0.518"/>
  <testcase name="testTags[8][1]" classname="examples.runners.FeaturesRunner" time="0.534"/>
  <testcase name="testTags[9][1]" classname="examples.runners.FeaturesRunner" time="2.07">
    <failure message="syntax error, expected &apos;==&apos; for match&#10;classpath:examples/petstore/user/delete/deleteUser.feature:59" type="org.opentest4j.AssertionFailedError">org.opentest4j.AssertionFailedError: 
syntax error, expected '==' for match
classpath:examples/petstore/user/delete/deleteUser.feature:59
</failure>
    <system-out><![CDATA[15:33:43.286 [main] INFO  com.intuit.karate - karate.env system property was: null 
15:33:43.624 [main] DEBUG com.intuit.karate - request:
1 > POST https://petstore.swagger.io/v2/user
1 > Content-Type: application/json; charset=UTF-8
1 > Content-Length: 134
1 > Host: petstore.swagger.io
1 > Connection: Keep-Alive
1 > User-Agent: Apache-HttpClient/4.5.13 (Java/11.0.15.1)
1 > Accept-Encoding: gzip,deflate
{"username":"d714ed2s","firstName":"Denita","lastName":"Ziemann","email":"yqpcfz70x@gmail.com","password":"wl34796n","phone":92552201}

15:33:44.103 [main] DEBUG com.intuit.karate - response time in milliseconds: 479
1 < 200
1 < Date: Tue, 20 Sep 2022 14:33:44 GMT
1 < Content-Type: application/json
1 < Transfer-Encoding: chunked
1 < Connection: keep-alive
1 < Access-Control-Allow-Origin: *
1 < Access-Control-Allow-Methods: GET, POST, DELETE, PUT
1 < Access-Control-Allow-Headers: Content-Type, api_key, Authorization
1 < Server: Jetty(9.2.9.v20150224)
{"code":200,"type":"unknown","message":"9222968140497263577"}

15:33:44.124 [main] INFO  com.intuit.karate - [print] https://petstore.swagger.io/v2/user/login 
15:33:44.126 [main] DEBUG com.intuit.karate - request:
2 > GET https://petstore.swagger.io/v2/user/login
2 > Host: petstore.swagger.io
2 > Connection: Keep-Alive
2 > User-Agent: Apache-HttpClient/4.5.13 (Java/11.0.15.1)
2 > Accept-Encoding: gzip,deflate


15:33:44.608 [main] DEBUG com.intuit.karate - response time in milliseconds: 482
2 < 200
2 < Date: Tue, 20 Sep 2022 14:33:44 GMT
2 < Content-Type: application/json
2 < Transfer-Encoding: chunked
2 < Connection: keep-alive
2 < Access-Control-Allow-Origin: *
2 < Access-Control-Allow-Methods: GET, POST, DELETE, PUT
2 < Access-Control-Allow-Headers: Content-Type, api_key, Authorization
2 < X-Expires-After: Tue Sep 20 15:33:44 UTC 2022
2 < X-Rate-Limit: 5000
2 < Server: Jetty(9.2.9.v20150224)
{"code":200,"type":"unknown","message":"logged in user session:1663684424603"}

15:33:44.610 [main] INFO  com.intuit.karate - [print] {
  "code": 200,
  "type": "unknown",
  "message": "logged in user session:1663684424603"
}
 
15:33:44.798 [main] DEBUG com.intuit.karate - request:
3 > DELETE https://petstore.swagger.io/v2//user/d714ed2s
3 > Host: petstore.swagger.io
3 > Connection: Keep-Alive
3 > User-Agent: Apache-HttpClient/4.5.13 (Java/11.0.15.1)
3 > Accept-Encoding: gzip,deflate


15:33:45.284 [main] DEBUG com.intuit.karate - response time in milliseconds: 486
3 < 200
3 < Date: Tue, 20 Sep 2022 14:33:45 GMT
3 < Content-Type: application/json
3 < Transfer-Encoding: chunked
3 < Connection: keep-alive
3 < Access-Control-Allow-Origin: *
3 < Access-Control-Allow-Methods: GET, POST, DELETE, PUT
3 < Access-Control-Allow-Headers: Content-Type, api_key, Authorization
3 < Server: Jetty(9.2.9.v20150224)
{"code":200,"type":"unknown","message":"d714ed2s"}

15:33:45.287 [main] ERROR com.intuit.karate - classpath:examples/petstore/user/delete/deleteUser.feature:59
* match response.type = "unknown"
syntax error, expected '==' for match
classpath:examples/petstore/user/delete/deleteUser.feature:59
---------------------------------------------------------
feature: classpath:examples/petstore/user/delete/deleteUser.feature
scenarios:  1 | passed:  0 | failed:  1 | time: 1,9985
---------------------------------------------------------

]]></system-out>
  </testcase>
  <testcase name="testTags[10][1]" classname="examples.runners.FeaturesRunner" time="0.477"/>
  <testcase name="testTags[10][2]" classname="examples.runners.FeaturesRunner" time="0.473">
    <failure message="status code was: 404, expected: 200, response time in milliseconds: 462, url: https://petstore.swagger.io/v2/user/zbxt5dg6, response: &#10;{&quot;code&quot;:1,&quot;type&quot;:&quot;error&quot;,&quot;message&quot;:&quot;User not found&quot;}&#10;classpath:examples/petstore/user/get/getUser.feature:32" type="org.opentest4j.AssertionFailedError">org.opentest4j.AssertionFailedError: 
status code was: 404, expected: 200, response time in milliseconds: 462, url: https://petstore.swagger.io/v2/user/zbxt5dg6, response: 
{"code":1,"type":"error","message":"User not found"}
classpath:examples/petstore/user/get/getUser.feature:32
</failure>
    <system-out><![CDATA[15:33:45.836 [main] INFO  com.intuit.karate - karate.env system property was: null 
15:33:45.837 [main] INFO  com.intuit.karate - [print] https://petstore.swagger.io/v2/user/zbxt5dg6 
15:33:45.839 [main] DEBUG com.intuit.karate - request:
1 > GET https://petstore.swagger.io/v2/user/zbxt5dg6
1 > Host: petstore.swagger.io
1 > Connection: Keep-Alive
1 > User-Agent: Apache-HttpClient/4.5.13 (Java/11.0.15.1)
1 > Accept-Encoding: gzip,deflate


15:33:46.301 [main] DEBUG com.intuit.karate - response time in milliseconds: 462
1 < 404
1 < Date: Tue, 20 Sep 2022 14:33:46 GMT
1 < Content-Type: application/json
1 < Transfer-Encoding: chunked
1 < Connection: keep-alive
1 < Access-Control-Allow-Origin: *
1 < Access-Control-Allow-Methods: GET, POST, DELETE, PUT
1 < Access-Control-Allow-Headers: Content-Type, api_key, Authorization
1 < Server: Jetty(9.2.9.v20150224)
{"code":1,"type":"error","message":"User not found"}

15:33:46.302 [main] ERROR com.intuit.karate - classpath:examples/petstore/user/get/getUser.feature:32
Then status 200
status code was: 404, expected: 200, response time in milliseconds: 462, url: https://petstore.swagger.io/v2/user/zbxt5dg6, response: 
{"code":1,"type":"error","message":"User not found"}
classpath:examples/petstore/user/get/getUser.feature:32
]]></system-out>
  </testcase>
  <testcase name="testTags[10][3]" classname="examples.runners.FeaturesRunner" time="0.507"/>
  <testcase name="testTags[11][1]" classname="examples.runners.FeaturesRunner" time="0.5"/>
  <testcase name="testTags[11][2]" classname="examples.runners.FeaturesRunner" time="0.567"/>
  <testcase name="testTags[12][1]" classname="examples.runners.FeaturesRunner" time="1.487">
    <failure message="syntax error, expected &apos;==&apos; for match&#10;classpath:examples/petstore/user/put/putUser.feature:76" type="org.opentest4j.AssertionFailedError">org.opentest4j.AssertionFailedError: 
syntax error, expected '==' for match
classpath:examples/petstore/user/put/putUser.feature:76
</failure>
    <system-out><![CDATA[15:33:47.886 [main] INFO  com.intuit.karate - karate.env system property was: null 
15:33:47.911 [main] DEBUG com.intuit.karate - request:
1 > POST https://petstore.swagger.io/v2/user
1 > Content-Type: application/json; charset=UTF-8
1 > Content-Length: 132
1 > Host: petstore.swagger.io
1 > Connection: Keep-Alive
1 > User-Agent: Apache-HttpClient/4.5.13 (Java/11.0.15.1)
1 > Accept-Encoding: gzip,deflate
{"username":"yhqz69ec","firstName":"Rich","lastName":"Marvin","email":"c37vhiocp@gmail.com","password":"xlcfqton","phone":610173580}

15:33:48.368 [main] DEBUG com.intuit.karate - response time in milliseconds: 457
1 < 200
1 < Date: Tue, 20 Sep 2022 14:33:48 GMT
1 < Content-Type: application/json
1 < Transfer-Encoding: chunked
1 < Connection: keep-alive
1 < Access-Control-Allow-Origin: *
1 < Access-Control-Allow-Methods: GET, POST, DELETE, PUT
1 < Access-Control-Allow-Headers: Content-Type, api_key, Authorization
1 < Server: Jetty(9.2.9.v20150224)
{"code":200,"type":"unknown","message":"9222968140497263578"}

15:33:48.370 [main] INFO  com.intuit.karate - [print] https://petstore.swagger.io/v2/user/login 
15:33:48.371 [main] DEBUG com.intuit.karate - request:
2 > GET https://petstore.swagger.io/v2/user/login
2 > Host: petstore.swagger.io
2 > Connection: Keep-Alive
2 > User-Agent: Apache-HttpClient/4.5.13 (Java/11.0.15.1)
2 > Accept-Encoding: gzip,deflate


15:33:48.831 [main] DEBUG com.intuit.karate - response time in milliseconds: 459
2 < 200
2 < Date: Tue, 20 Sep 2022 14:33:48 GMT
2 < Content-Type: application/json
2 < Transfer-Encoding: chunked
2 < Connection: keep-alive
2 < Access-Control-Allow-Origin: *
2 < Access-Control-Allow-Methods: GET, POST, DELETE, PUT
2 < Access-Control-Allow-Headers: Content-Type, api_key, Authorization
2 < X-Expires-After: Tue Sep 20 15:33:48 UTC 2022
2 < X-Rate-Limit: 5000
2 < Server: Jetty(9.2.9.v20150224)
{"code":200,"type":"unknown","message":"logged in user session:1663684428829"}

15:33:48.833 [main] INFO  com.intuit.karate - [print] {
  "code": 200,
  "type": "unknown",
  "message": "logged in user session:1663684428829"
}
 
15:33:48.843 [main] DEBUG com.intuit.karate - request:
3 > PUT https://petstore.swagger.io/v2//user/yhqz69ec
3 > Content-Type: application/json; charset=UTF-8
3 > Content-Length: 131
3 > Host: petstore.swagger.io
3 > Connection: Keep-Alive
3 > User-Agent: Apache-HttpClient/4.5.13 (Java/11.0.15.1)
3 > Accept-Encoding: gzip,deflate
{"username":"yhqz69ec","firstName":"Gia","lastName":"Bednar","email":"8pllc17fa@gmail.com","password":"xlcfqton","phone":610173580}

15:33:49.306 [main] DEBUG com.intuit.karate - response time in milliseconds: 461
3 < 200
3 < Date: Tue, 20 Sep 2022 14:33:49 GMT
3 < Content-Type: application/json
3 < Transfer-Encoding: chunked
3 < Connection: keep-alive
3 < Access-Control-Allow-Origin: *
3 < Access-Control-Allow-Methods: GET, POST, DELETE, PUT
3 < Access-Control-Allow-Headers: Content-Type, api_key, Authorization
3 < Server: Jetty(9.2.9.v20150224)
{"code":200,"type":"unknown","message":"9222968140497263579"}

15:33:49.308 [main] ERROR com.intuit.karate - classpath:examples/petstore/user/put/putUser.feature:76
* match response.type = "unknown"
syntax error, expected '==' for match
classpath:examples/petstore/user/put/putUser.feature:76
---------------------------------------------------------
feature: classpath:examples/petstore/user/put/putUser.feature
scenarios:  1 | passed:  0 | failed:  1 | time: 1,4195
---------------------------------------------------------

]]></system-out>
  </testcase>
  <testcase name="testTags[13][1]" classname="examples.runners.FeaturesRunner" time="0.024"/>
  <testcase name="testTags[14][1]" classname="examples.runners.FeaturesRunner" time="7.265"/>
  <testcase name="testTags[15][1]" classname="examples.runners.FeaturesRunner" time="11.499"/>
  <testcase name="testTags[16][1]" classname="examples.runners.FeaturesRunner" time="10.674"/>
  <testcase name="testTags[17][1]" classname="examples.runners.FeaturesRunner" time="12.694"/>
  <testcase name="testTags[18][1]" classname="examples.runners.FeaturesRunner" time="27.254"/>
  <testcase name="testTags[19][1]" classname="examples.runners.FeaturesRunner" time="21.777"/>
  <testcase name="testTags[20][1]" classname="examples.runners.FeaturesRunner" time="6.654"/>
  <testcase name="testTags[21][1]" classname="examples.runners.FeaturesRunner" time="20.479"/>
  <testcase name="testTags[22][1]" classname="examples.runners.FeaturesRunner" time="11.049"/>
</testsuite>