<?xml version="1.0" encoding="UTF-8"?>
<testsuite xmlns:xsi="http://www.w3.org/2001/XMLSchema-instance" xsi:noNamespaceSchemaLocation="https://maven.apache.org/surefire/maven-surefire-plugin/xsd/surefire-test-report.xsd" name="examples.runners.PetstoreRunner" time="18.801" tests="19" errors="0" skipped="0" failures="6">
  <properties>
[...]
</properties>
  <testcase name="testTags[1][1]" classname="examples.runners.PetstoreRunner" time="4.301"/>
  <testcase name="testTags[2][1]" classname="examples.runners.PetstoreRunner" time="1.468"/>
  <testcase name="testTags[3][1]" classname="examples.runners.PetstoreRunner" time="0.923"/>
  <testcase name="testTags[3][2]" classname="examples.runners.PetstoreRunner" time="0.813"/>
  <testcase name="testTags[4][1]" classname="examples.runners.PetstoreRunner" time="0.467"/>
  <testcase name="testTags[4][2]" classname="examples.runners.PetstoreRunner" time="0.626">
    <failure message="status code was: 404, expected: 200, response time in milliseconds: 465, url: https://petstore.swagger.io/v2/pet/9223372016900020566, response: &#10;{&quot;code&quot;:404,&quot;type&quot;:&quot;unknown&quot;,&quot;message&quot;:&quot;not found&quot;}&#10;classpath:examples/petstore/pet/post/postPet.feature:37" type="org.opentest4j.AssertionFailedError">org.opentest4j.AssertionFailedError: 
status code was: 404, expected: 200, response time in milliseconds: 465, url: https://petstore.swagger.io/v2/pet/9223372016900020566, response: 
{"code":404,"type":"unknown","message":"not found"}
classpath:examples/petstore/pet/post/postPet.feature:37
</failure>
    <system-out><![CDATA[15:32:56.968 [main] INFO  com.intuit.karate - karate.env system property was: null 
15:32:57.086 [main] DEBUG com.intuit.karate - request:
1 > POST https://petstore.swagger.io/v2/pet/9223372016900020566
1 > Content-Type: application/x-www-form-urlencoded
1 > Content-Length: 26
1 > Host: petstore.swagger.io
1 > Connection: Keep-Alive
1 > User-Agent: Apache-HttpClient/4.5.13 (Java/11.0.15.1)
1 > Accept-Encoding: gzip,deflate
name=Test&status=newStatus

15:32:57.551 [main] DEBUG com.intuit.karate - response time in milliseconds: 465
1 < 404
1 < Date: Tue, 20 Sep 2022 14:32:57 GMT
1 < Content-Type: application/json
1 < Transfer-Encoding: chunked
1 < Connection: keep-alive
1 < Access-Control-Allow-Origin: *
1 < Access-Control-Allow-Methods: GET, POST, DELETE, PUT
1 < Access-Control-Allow-Headers: Content-Type, api_key, Authorization
1 < Server: Jetty(9.2.9.v20150224)
{"code":404,"type":"unknown","message":"not found"}

15:32:57.557 [main] ERROR com.intuit.karate - classpath:examples/petstore/pet/post/postPet.feature:37
Then status 200
status code was: 404, expected: 200, response time in milliseconds: 465, url: https://petstore.swagger.io/v2/pet/9223372016900020566, response: 
{"code":404,"type":"unknown","message":"not found"}
classpath:examples/petstore/pet/post/postPet.feature:37
]]></system-out>
  </testcase>
  <testcase name="testTags[4][3]" classname="examples.runners.PetstoreRunner" time="0.896"/>
  <testcase name="testTags[5][1]" classname="examples.runners.PetstoreRunner" time="0.51"/>
  <testcase name="testTags[6][1]" classname="examples.runners.PetstoreRunner" time="0.537">
    <failure message="status code was: 404, expected: 200, response time in milliseconds: 490, url: https://petstore.swagger.io/v2/store/order/2209180275, response: &#10;{&quot;code&quot;:404,&quot;type&quot;:&quot;unknown&quot;,&quot;message&quot;:&quot;Order Not Found&quot;}&#10;classpath:examples/petstore/store/delete/deleteStore.feature:12" type="org.opentest4j.AssertionFailedError">org.opentest4j.AssertionFailedError: 
status code was: 404, expected: 200, response time in milliseconds: 490, url: https://petstore.swagger.io/v2/store/order/2209180275, response: 
{"code":404,"type":"unknown","message":"Order Not Found"}
classpath:examples/petstore/store/delete/deleteStore.feature:12
</failure>
    <system-out><![CDATA[15:32:59.001 [main] INFO  com.intuit.karate - karate.env system property was: null 
15:32:59.003 [main] DEBUG com.intuit.karate - request:
1 > DELETE https://petstore.swagger.io/v2/store/order/2209180275
1 > Host: petstore.swagger.io
1 > Connection: Keep-Alive
1 > User-Agent: Apache-HttpClient/4.5.13 (Java/11.0.15.1)
1 > Accept-Encoding: gzip,deflate


15:32:59.493 [main] DEBUG com.intuit.karate - response time in milliseconds: 490
1 < 404
1 < Date: Tue, 20 Sep 2022 14:32:59 GMT
1 < Content-Type: application/json
1 < Transfer-Encoding: chunked
1 < Connection: keep-alive
1 < Access-Control-Allow-Origin: *
1 < Access-Control-Allow-Methods: GET, POST, DELETE, PUT
1 < Access-Control-Allow-Headers: Content-Type, api_key, Authorization
1 < Server: Jetty(9.2.9.v20150224)
{"code":404,"type":"unknown","message":"Order Not Found"}

15:32:59.494 [main] ERROR com.intuit.karate - classpath:examples/petstore/store/delete/deleteStore.feature:12
Then status 200
status code was: 404, expected: 200, response time in milliseconds: 490, url: https://petstore.swagger.io/v2/store/order/2209180275, response: 
{"code":404,"type":"unknown","message":"Order Not Found"}
classpath:examples/petstore/store/delete/deleteStore.feature:12
---------------------------------------------------------
feature: classpath:examples/petstore/store/delete/deleteStore.feature
scenarios:  1 | passed:  0 | failed:  1 | time: 0,4917
---------------------------------------------------------

]]></system-out>
  </testcase>
  <testcase name="testTags[7][1]" classname="examples.runners.PetstoreRunner" time="0.466">
    <failure message="status code was: 404, expected: 200, response time in milliseconds: 456, url: https://petstore.swagger.io/v2/store/order/2209180269, response: &#10;{&quot;code&quot;:1,&quot;type&quot;:&quot;error&quot;,&quot;message&quot;:&quot;Order not found&quot;}&#10;classpath:examples/petstore/store/get/getStore.feature:14" type="org.opentest4j.AssertionFailedError">org.opentest4j.AssertionFailedError: 
status code was: 404, expected: 200, response time in milliseconds: 456, url: https://petstore.swagger.io/v2/store/order/2209180269, response: 
{"code":1,"type":"error","message":"Order not found"}
classpath:examples/petstore/store/get/getStore.feature:14
</failure>
    <system-out><![CDATA[15:32:59.540 [main] INFO  com.intuit.karate - karate.env system property was: null 
15:32:59.543 [main] DEBUG com.intuit.karate - request:
1 > GET https://petstore.swagger.io/v2/store/order/2209180269
1 > Host: petstore.swagger.io
1 > Connection: Keep-Alive
1 > User-Agent: Apache-HttpClient/4.5.13 (Java/11.0.15.1)
1 > Accept-Encoding: gzip,deflate


15:32:59.999 [main] DEBUG com.intuit.karate - response time in milliseconds: 456
1 < 404
1 < Date: Tue, 20 Sep 2022 14:32:59 GMT
1 < Content-Type: application/json
1 < Transfer-Encoding: chunked
1 < Connection: keep-alive
1 < Access-Control-Allow-Origin: *
1 < Access-Control-Allow-Methods: GET, POST, DELETE, PUT
1 < Access-Control-Allow-Headers: Content-Type, api_key, Authorization
1 < Server: Jetty(9.2.9.v20150224)
{"code":1,"type":"error","message":"Order not found"}

15:33:00.002 [main] ERROR com.intuit.karate - classpath:examples/petstore/store/get/getStore.feature:14
Then status 200
status code was: 404, expected: 200, response time in milliseconds: 456, url: https://petstore.swagger.io/v2/store/order/2209180269, response: 
{"code":1,"type":"error","message":"Order not found"}
classpath:examples/petstore/store/get/getStore.feature:14
]]></system-out>
  </testcase>
  <testcase name="testTags[7][2]" classname="examples.runners.PetstoreRunner" time="0.49"/>
  <testcase name="testTags[8][1]" classname="examples.runners.PetstoreRunner" time="0.501"/>
  <testcase name="testTags[9][1]" classname="examples.runners.PetstoreRunner" time="1.759">
    <failure message="syntax error, expected &apos;==&apos; for match&#10;classpath:examples/petstore/user/delete/deleteUser.feature:59" type="org.opentest4j.AssertionFailedError">org.opentest4j.AssertionFailedError: 
syntax error, expected '==' for match
classpath:examples/petstore/user/delete/deleteUser.feature:59
</failure>
    <system-out><![CDATA[15:33:01.000 [main] INFO  com.intuit.karate - karate.env system property was: null 
15:33:01.172 [main] DEBUG com.intuit.karate - request:
1 > POST https://petstore.swagger.io/v2/user
1 > Content-Type: application/json; charset=UTF-8
1 > Content-Length: 131
1 > Host: petstore.swagger.io
1 > Connection: Keep-Alive
1 > User-Agent: Apache-HttpClient/4.5.13 (Java/11.0.15.1)
1 > Accept-Encoding: gzip,deflate
{"username":"9tqlzglm","firstName":"Wm","lastName":"Fritsch","email":"39uvk8bf8@gmail.com","password":"xfe1ossi","phone":679200866}

15:33:01.626 [main] DEBUG com.intuit.karate - response time in milliseconds: 453
1 < 200
1 < Date: Tue, 20 Sep 2022 14:33:01 GMT
1 < Content-Type: application/json
1 < Transfer-Encoding: chunked
1 < Connection: keep-alive
1 < Access-Control-Allow-Origin: *
1 < Access-Control-Allow-Methods: GET, POST, DELETE, PUT
1 < Access-Control-Allow-Headers: Content-Type, api_key, Authorization
1 < Server: Jetty(9.2.9.v20150224)
{"code":200,"type":"unknown","message":"9222968140497263570"}

15:33:01.637 [main] INFO  com.intuit.karate - [print] https://petstore.swagger.io/v2/user/login 
15:33:01.638 [main] DEBUG com.intuit.karate - request:
2 > GET https://petstore.swagger.io/v2/user/login
2 > Host: petstore.swagger.io
2 > Connection: Keep-Alive
2 > User-Agent: Apache-HttpClient/4.5.13 (Java/11.0.15.1)
2 > Accept-Encoding: gzip,deflate


15:33:02.100 [main] DEBUG com.intuit.karate - response time in milliseconds: 461
2 < 200
2 < Date: Tue, 20 Sep 2022 14:33:02 GMT
2 < Content-Type: application/json
2 < Transfer-Encoding: chunked
2 < Connection: keep-alive
2 < Access-Control-Allow-Origin: *
2 < Access-Control-Allow-Methods: GET, POST, DELETE, PUT
2 < Access-Control-Allow-Headers: Content-Type, api_key, Authorization
2 < X-Expires-After: Tue Sep 20 15:33:02 UTC 2022
2 < X-Rate-Limit: 5000
2 < Server: Jetty(9.2.9.v20150224)
{"code":200,"type":"unknown","message":"logged in user session:1663684382098"}

15:33:02.103 [main] INFO  com.intuit.karate - [print] {
  "code": 200,
  "type": "unknown",
  "message": "logged in user session:1663684382098"
}
 
15:33:02.234 [main] DEBUG com.intuit.karate - request:
3 > DELETE https://petstore.swagger.io/v2//user/9tqlzglm
3 > Host: petstore.swagger.io
3 > Connection: Keep-Alive
3 > User-Agent: Apache-HttpClient/4.5.13 (Java/11.0.15.1)
3 > Accept-Encoding: gzip,deflate


15:33:02.694 [main] DEBUG com.intuit.karate - response time in milliseconds: 460
3 < 200
3 < Date: Tue, 20 Sep 2022 14:33:02 GMT
3 < Content-Type: application/json
3 < Transfer-Encoding: chunked
3 < Connection: keep-alive
3 < Access-Control-Allow-Origin: *
3 < Access-Control-Allow-Methods: GET, POST, DELETE, PUT
3 < Access-Control-Allow-Headers: Content-Type, api_key, Authorization
3 < Server: Jetty(9.2.9.v20150224)
{"code":200,"type":"unknown","message":"9tqlzglm"}

15:33:02.695 [main] ERROR com.intuit.karate - classpath:examples/petstore/user/delete/deleteUser.feature:59
* match response.type = "unknown"
syntax error, expected '==' for match
classpath:examples/petstore/user/delete/deleteUser.feature:59
---------------------------------------------------------
feature: classpath:examples/petstore/user/delete/deleteUser.feature
scenarios:  1 | passed:  0 | failed:  1 | time: 1,6930
---------------------------------------------------------

]]></system-out>
  </testcase>
  <testcase name="testTags[10][1]" classname="examples.runners.PetstoreRunner" time="0.47"/>
  <testcase name="testTags[10][2]" classname="examples.runners.PetstoreRunner" time="0.466">
    <failure message="status code was: 404, expected: 200, response time in milliseconds: 459, url: https://petstore.swagger.io/v2/user/zbxt5dg6, response: &#10;{&quot;code&quot;:1,&quot;type&quot;:&quot;error&quot;,&quot;message&quot;:&quot;User not found&quot;}&#10;classpath:examples/petstore/user/get/getUser.feature:32" type="org.opentest4j.AssertionFailedError">org.opentest4j.AssertionFailedError: 
status code was: 404, expected: 200, response time in milliseconds: 459, url: https://petstore.swagger.io/v2/user/zbxt5dg6, response: 
{"code":1,"type":"error","message":"User not found"}
classpath:examples/petstore/user/get/getUser.feature:32
</failure>
    <system-out><![CDATA[15:33:03.230 [main] INFO  com.intuit.karate - karate.env system property was: null 
15:33:03.231 [main] INFO  com.intuit.karate - [print] https://petstore.swagger.io/v2/user/zbxt5dg6 
15:33:03.232 [main] DEBUG com.intuit.karate - request:
1 > GET https://petstore.swagger.io/v2/user/zbxt5dg6
1 > Host: petstore.swagger.io
1 > Connection: Keep-Alive
1 > User-Agent: Apache-HttpClient/4.5.13 (Java/11.0.15.1)
1 > Accept-Encoding: gzip,deflate


15:33:03.692 [main] DEBUG com.intuit.karate - response time in milliseconds: 459
1 < 404
1 < Date: Tue, 20 Sep 2022 14:33:03 GMT
1 < Content-Type: application/json
1 < Transfer-Encoding: chunked
1 < Connection: keep-alive
1 < Access-Control-Allow-Origin: *
1 < Access-Control-Allow-Methods: GET, POST, DELETE, PUT
1 < Access-Control-Allow-Headers: Content-Type, api_key, Authorization
1 < Server: Jetty(9.2.9.v20150224)
{"code":1,"type":"error","message":"User not found"}

15:33:03.693 [main] ERROR com.intuit.karate - classpath:examples/petstore/user/get/getUser.feature:32
Then status 200
status code was: 404, expected: 200, response time in milliseconds: 459, url: https://petstore.swagger.io/v2/user/zbxt5dg6, response: 
{"code":1,"type":"error","message":"User not found"}
classpath:examples/petstore/user/get/getUser.feature:32
]]></system-out>
  </testcase>
  <testcase name="testTags[10][3]" classname="examples.runners.PetstoreRunner" time="0.493"/>
  <testcase name="testTags[11][1]" classname="examples.runners.PetstoreRunner" time="0.512"/>
  <testcase name="testTags[11][2]" classname="examples.runners.PetstoreRunner" time="0.563"/>
  <testcase name="testTags[12][1]" classname="examples.runners.PetstoreRunner" time="1.547">
    <failure message="syntax error, expected &apos;==&apos; for match&#10;classpath:examples/petstore/user/put/putUser.feature:76" type="org.opentest4j.AssertionFailedError">org.opentest4j.AssertionFailedError: 
syntax error, expected '==' for match
classpath:examples/petstore/user/put/putUser.feature:76
</failure>
    <system-out><![CDATA[15:33:05.268 [main] INFO  com.intuit.karate - karate.env system property was: null 
15:33:05.280 [main] DEBUG com.intuit.karate - request:
1 > POST https://petstore.swagger.io/v2/user
1 > Content-Type: application/json; charset=UTF-8
1 > Content-Length: 135
1 > Host: petstore.swagger.io
1 > Connection: Keep-Alive
1 > User-Agent: Apache-HttpClient/4.5.13 (Java/11.0.15.1)
1 > Accept-Encoding: gzip,deflate
{"username":"we673b4t","firstName":"Vanita","lastName":"Shields","email":"nwm2qfbo2@gmail.com","password":"1uc1v35k","phone":494556675}

15:33:05.754 [main] DEBUG com.intuit.karate - response time in milliseconds: 474
1 < 200
1 < Date: Tue, 20 Sep 2022 14:33:05 GMT
1 < Content-Type: application/json
1 < Transfer-Encoding: chunked
1 < Connection: keep-alive
1 < Access-Control-Allow-Origin: *
1 < Access-Control-Allow-Methods: GET, POST, DELETE, PUT
1 < Access-Control-Allow-Headers: Content-Type, api_key, Authorization
1 < Server: Jetty(9.2.9.v20150224)
{"code":200,"type":"unknown","message":"9222968140497263571"}

15:33:05.756 [main] INFO  com.intuit.karate - [print] https://petstore.swagger.io/v2/user/login 
15:33:05.757 [main] DEBUG com.intuit.karate - request:
2 > GET https://petstore.swagger.io/v2/user/login
2 > Host: petstore.swagger.io
2 > Connection: Keep-Alive
2 > User-Agent: Apache-HttpClient/4.5.13 (Java/11.0.15.1)
2 > Accept-Encoding: gzip,deflate


15:33:06.220 [main] DEBUG com.intuit.karate - response time in milliseconds: 463
2 < 200
2 < Date: Tue, 20 Sep 2022 14:33:06 GMT
2 < Content-Type: application/json
2 < Transfer-Encoding: chunked
2 < Connection: keep-alive
2 < Access-Control-Allow-Origin: *
2 < Access-Control-Allow-Methods: GET, POST, DELETE, PUT
2 < Access-Control-Allow-Headers: Content-Type, api_key, Authorization
2 < X-Expires-After: Tue Sep 20 15:33:06 UTC 2022
2 < X-Rate-Limit: 5000
2 < Server: Jetty(9.2.9.v20150224)
{"code":200,"type":"unknown","message":"logged in user session:1663684386218"}

15:33:06.222 [main] INFO  com.intuit.karate - [print] {
  "code": 200,
  "type": "unknown",
  "message": "logged in user session:1663684386218"
}
 
15:33:06.226 [main] DEBUG com.intuit.karate - request:
3 > PUT https://petstore.swagger.io/v2//user/we673b4t
3 > Content-Type: application/json; charset=UTF-8
3 > Content-Length: 135
3 > Host: petstore.swagger.io
3 > Connection: Keep-Alive
3 > User-Agent: Apache-HttpClient/4.5.13 (Java/11.0.15.1)
3 > Accept-Encoding: gzip,deflate
{"username":"we673b4t","firstName":"Virgil","lastName":"Padberg","email":"ofibd51po@gmail.com","password":"1uc1v35k","phone":494556675}

15:33:06.686 [main] DEBUG com.intuit.karate - response time in milliseconds: 460
3 < 200
3 < Date: Tue, 20 Sep 2022 14:33:06 GMT
3 < Content-Type: application/json
3 < Transfer-Encoding: chunked
3 < Connection: keep-alive
3 < Access-Control-Allow-Origin: *
3 < Access-Control-Allow-Methods: GET, POST, DELETE, PUT
3 < Access-Control-Allow-Headers: Content-Type, api_key, Authorization
3 < Server: Jetty(9.2.9.v20150224)
{"code":200,"type":"unknown","message":"9222968140497263572"}

15:33:06.688 [main] ERROR com.intuit.karate - classpath:examples/petstore/user/put/putUser.feature:76
* match response.type = "unknown"
syntax error, expected '==' for match
classpath:examples/petstore/user/put/putUser.feature:76
---------------------------------------------------------
feature: classpath:examples/petstore/user/put/putUser.feature
scenarios:  1 | passed:  0 | failed:  1 | time: 1,4166
---------------------------------------------------------

Karate version: 1.2.0
======================================================
elapsed:  18,11 | threads:    1 | thread time: 15,48 
features:    12 | skipped:    0 | efficiency: 0,86
scenarios:   19 | passed:    13 | failed: 6
======================================================
>>> failed features:
status code was: 404, expected: 200, response time in milliseconds: 459, url: https://petstore.swagger.io/v2/user/zbxt5dg6, response: 
{"code":1,"type":"error","message":"User not found"}
classpath:examples/petstore/user/get/getUser.feature:32
status code was: 404, expected: 200, response time in milliseconds: 456, url: https://petstore.swagger.io/v2/store/order/2209180269, response: 
{"code":1,"type":"error","message":"Order not found"}
classpath:examples/petstore/store/get/getStore.feature:14
status code was: 404, expected: 200, response time in milliseconds: 465, url: https://petstore.swagger.io/v2/pet/9223372016900020566, response: 
{"code":404,"type":"unknown","message":"not found"}
classpath:examples/petstore/pet/post/postPet.feature:37
status code was: 404, expected: 200, response time in milliseconds: 490, url: https://petstore.swagger.io/v2/store/order/2209180275, response: 
{"code":404,"type":"unknown","message":"Order Not Found"}
classpath:examples/petstore/store/delete/deleteStore.feature:12
syntax error, expected '==' for match
classpath:examples/petstore/user/delete/deleteUser.feature:59
syntax error, expected '==' for match
classpath:examples/petstore/user/put/putUser.feature:76
<<<

HTML report: (paste into browser to view) | Karate version: 1.2.0
file:///C:/Users/tiago.mina-azevedo/Documents/karateStuff/TestAssignmentSC/target/karate-reports/karate-summary.html
===================================================================

]]></system-out>
  </testcase>
</testsuite>